{"name": "Тест оформления заказа авторизованным юзером", "status": "broken", "statusDetails": {"message": "selenium.common.exceptions.TimeoutException: Message: \nStacktrace:\n0   chromedriver                        0x0000000103389208 cxxbridge1$str$ptr + 1927396\n1   chromedriver                        0x000000010338166c cxxbridge1$str$ptr + 1895752\n2   chromedriver                        0x0000000102f7c808 cxxbridge1$string$len + 89564\n3   chromedriver                        0x0000000102fc0bcc cxxbridge1$string$len + 369056\n4   chromedriver                        0x0000000102ffa228 cxxbridge1$string$len + 604156\n5   chromedriver                        0x0000000102fb5698 cxxbridge1$string$len + 322668\n6   chromedriver                        0x0000000102fb6310 cxxbridge1$string$len + 325860\n7   chromedriver                        0x000000010334fe78 cxxbridge1$str$ptr + 1693012\n8   chromedriver                        0x000000010335477c cxxbridge1$str$ptr + 1711704\n9   chromedriver                        0x00000001033353ec cxxbridge1$str$ptr + 1583816\n10  chromedriver                        0x000000010335504c cxxbridge1$str$ptr + 1713960\n11  chromedriver                        0x0000000103325fc8 cxxbridge1$str$ptr + 1521316\n12  chromedriver                        0x0000000103372b68 cxxbridge1$str$ptr + 1835588\n13  chromedriver                        0x0000000103372ce4 cxxbridge1$str$ptr + 1835968\n14  chromedriver                        0x0000000103381308 cxxbridge1$str$ptr + 1894884\n15  libsystem_pthread.dylib             0x000000018b8af2e4 _pthread_start + 136\n16  libsystem_pthread.dylib             0x000000018b8aa0fc thread_start + 8", "trace": "self = <tests.test_main_functions.TestMainFunctions object at 0x10429a990>\n\n    @allure.title(\"Тест оформления заказа авторизованным юзером\")\n    @pytest.mark.usefixtures(\"driver\")\n    def test_auth_user_order_confirm(self):\n        self.driver.get(main_url)\n        client = MainPage(self.driver)\n>       result = client.check_auth_user_order_confirm()\n\ntests/test_main_functions.py:60: \n_ _ _ _ _ _ _ _ _ _ _ _ _ _ _ _ _ _ _ _ _ _ _ _ _ _ _ _ _ _ _ _ _ _ _ _ _ _ _ _ _ _ _ _ _ _ _ _ _ _ _ _ _ _ _ _ _ _ _ _ _ _ _ _ _ _ _ _ _ _ _ _ _ _ _ _ _ _ _ _ _ _ _ _ _ _ _ _ _ _ _\npages/main_page.py:73: in check_auth_user_order_confirm\n    self.wait(self.input_email)\npages/base_page.py:18: in wait\n    return WebDriverWait(self.driver, 10).until(EC.element_to_be_clickable(element))\n_ _ _ _ _ _ _ _ _ _ _ _ _ _ _ _ _ _ _ _ _ _ _ _ _ _ _ _ _ _ _ _ _ _ _ _ _ _ _ _ _ _ _ _ _ _ _ _ _ _ _ _ _ _ _ _ _ _ _ _ _ _ _ _ _ _ _ _ _ _ _ _ _ _ _ _ _ _ _ _ _ _ _ _ _ _ _ _ _ _ _\n\nself = <selenium.webdriver.support.wait.WebDriverWait (session=\"98c34b4065120e1cc4bcf522c9cc68e4\")>, method = <function element_to_be_clickable.<locals>._predicate at 0x10430bba0>\nmessage = ''\n\n    def until(self, method: Callable[[D], Union[Literal[False], T]], message: str = \"\") -> T:\n        \"\"\"Calls the method provided with the driver as an argument until the \\\n        return value does not evaluate to ``False``.\n    \n        :param method: callable(WebDriver)\n        :param message: optional message for :exc:`TimeoutException`\n        :returns: the result of the last call to `method`\n        :raises: :exc:`selenium.common.exceptions.TimeoutException` if timeout occurs\n        \"\"\"\n        screen = None\n        stacktrace = None\n    \n        end_time = time.monotonic() + self._timeout\n        while True:\n            try:\n                value = method(self._driver)\n                if value:\n                    return value\n            except self._ignored_exceptions as exc:\n                screen = getattr(exc, \"screen\", None)\n                stacktrace = getattr(exc, \"stacktrace\", None)\n            time.sleep(self._poll)\n            if time.monotonic() > end_time:\n                break\n>       raise TimeoutException(message, screen, stacktrace)\nE       selenium.common.exceptions.TimeoutException: Message: \nE       Stacktrace:\nE       0   chromedriver                        0x0000000103389208 cxxbridge1$str$ptr + 1927396\nE       1   chromedriver                        0x000000010338166c cxxbridge1$str$ptr + 1895752\nE       2   chromedriver                        0x0000000102f7c808 cxxbridge1$string$len + 89564\nE       3   chromedriver                        0x0000000102fc0bcc cxxbridge1$string$len + 369056\nE       4   chromedriver                        0x0000000102ffa228 cxxbridge1$string$len + 604156\nE       5   chromedriver                        0x0000000102fb5698 cxxbridge1$string$len + 322668\nE       6   chromedriver                        0x0000000102fb6310 cxxbridge1$string$len + 325860\nE       7   chromedriver                        0x000000010334fe78 cxxbridge1$str$ptr + 1693012\nE       8   chromedriver                        0x000000010335477c cxxbridge1$str$ptr + 1711704\nE       9   chromedriver                        0x00000001033353ec cxxbridge1$str$ptr + 1583816\nE       10  chromedriver                        0x000000010335504c cxxbridge1$str$ptr + 1713960\nE       11  chromedriver                        0x0000000103325fc8 cxxbridge1$str$ptr + 1521316\nE       12  chromedriver                        0x0000000103372b68 cxxbridge1$str$ptr + 1835588\nE       13  chromedriver                        0x0000000103372ce4 cxxbridge1$str$ptr + 1835968\nE       14  chromedriver                        0x0000000103381308 cxxbridge1$str$ptr + 1894884\nE       15  libsystem_pthread.dylib             0x000000018b8af2e4 _pthread_start + 136\nE       16  libsystem_pthread.dylib             0x000000018b8aa0fc thread_start + 8\n\nvenv/lib/python3.12/site-packages/selenium/webdriver/support/wait.py:105: TimeoutException"}, "steps": [{"name": "Проверка оформления заказа у авторизованного пользователя", "status": "broken", "statusDetails": {"message": "selenium.common.exceptions.TimeoutException: Message: \nStacktrace:\n0   chromedriver                        0x0000000103389208 cxxbridge1$str$ptr + 1927396\n1   chromedriver                        0x000000010338166c cxxbridge1$str$ptr + 1895752\n2   chromedriver                        0x0000000102f7c808 cxxbridge1$string$len + 89564\n3   chromedriver                        0x0000000102fc0bcc cxxbridge1$string$len + 369056\n4   chromedriver                        0x0000000102ffa228 cxxbridge1$string$len + 604156\n5   chromedriver                        0x0000000102fb5698 cxxbridge1$string$len + 322668\n6   chromedriver                        0x0000000102fb6310 cxxbridge1$string$len + 325860\n7   chromedriver                        0x000000010334fe78 cxxbridge1$str$ptr + 1693012\n8   chromedriver                        0x000000010335477c cxxbridge1$str$ptr + 1711704\n9   chromedriver                        0x00000001033353ec cxxbridge1$str$ptr + 1583816\n10  chromedriver                        0x000000010335504c cxxbridge1$str$ptr + 1713960\n11  chromedriver                        0x0000000103325fc8 cxxbridge1$str$ptr + 1521316\n12  chromedriver                        0x0000000103372b68 cxxbridge1$str$ptr + 1835588\n13  chromedriver                        0x0000000103372ce4 cxxbridge1$str$ptr + 1835968\n14  chromedriver                        0x0000000103381308 cxxbridge1$str$ptr + 1894884\n15  libsystem_pthread.dylib             0x000000018b8af2e4 _pthread_start + 136\n16  libsystem_pthread.dylib             0x000000018b8aa0fc thread_start + 8\n\n", "trace": "  File \"/Users/ulabualskaa/Documents/GitHub/Diplom_3/venv/lib/python3.12/site-packages/allure_commons/_allure.py\", line 192, in impl\n    return func(*a, **kw)\n           ^^^^^^^^^^^^^^\n  File \"/Users/ulabualskaa/Documents/GitHub/Diplom_3/pages/main_page.py\", line 73, in check_auth_user_order_confirm\n    self.wait(self.input_email)\n  File \"/Users/ulabualskaa/Documents/GitHub/Diplom_3/pages/base_page.py\", line 18, in wait\n    return WebDriverWait(self.driver, 10).until(EC.element_to_be_clickable(element))\n           ^^^^^^^^^^^^^^^^^^^^^^^^^^^^^^^^^^^^^^^^^^^^^^^^^^^^^^^^^^^^^^^^^^^^^^^^^\n  File \"/Users/ulabualskaa/Documents/GitHub/Diplom_3/venv/lib/python3.12/site-packages/selenium/webdriver/support/wait.py\", line 105, in until\n    raise TimeoutException(message, screen, stacktrace)\n"}, "start": 1727003374817, "stop": 1727003385364}], "parameters": [{"name": "driver", "value": "'chrome'"}], "start": 1727003374716, "stop": 1727003385366, "uuid": "3b73f761-4e87-4738-ace2-b679a1b5e60d", "historyId": "56ae0052774fe86f5d18bf6ac627c751", "testCaseId": "a052974e80c09c71e08eecd64f95cf7e", "fullName": "tests.test_main_functions.TestMainFunctions#test_auth_user_order_confirm", "labels": [{"name": "tag", "value": "@pytest.mark.usefixtures('driver')"}, {"name": "parentSuite", "value": "tests"}, {"name": "suite", "value": "test_main_functions"}, {"name": "subSuite", "value": "TestMainFunctions"}, {"name": "host", "value": "MacBook-Pro-Ula.local"}, {"name": "thread", "value": "7424-MainThread"}, {"name": "framework", "value": "pytest"}, {"name": "language", "value": "cpython3"}, {"name": "package", "value": "tests.test_main_functions"}]}