{"name": "Тест появления заказа в ленте заказов", "status": "broken", "statusDetails": {"message": "selenium.common.exceptions.NoSuchElementException: Message: no such element: Unable to locate element: {\"method\":\"css selector\",\"selector\":\".BurgerIngredient_ingredient__image__3e-07\"}\n  (Session info: chrome=128.0.6613.138); For documentation on this error, please visit: https://www.selenium.dev/documentation/webdriver/troubleshooting/errors#no-such-element-exception\nStacktrace:\n0   chromedriver                        0x0000000100951208 cxxbridge1$str$ptr + 1927396\n1   chromedriver                        0x000000010094966c cxxbridge1$str$ptr + 1895752\n2   chromedriver                        0x0000000100544808 cxxbridge1$string$len + 89564\n3   chromedriver                        0x0000000100588bcc cxxbridge1$string$len + 369056\n4   chromedriver                        0x00000001005c2228 cxxbridge1$string$len + 604156\n5   chromedriver                        0x000000010057d698 cxxbridge1$string$len + 322668\n6   chromedriver                        0x000000010057e310 cxxbridge1$string$len + 325860\n7   chromedriver                        0x0000000100917e78 cxxbridge1$str$ptr + 1693012\n8   chromedriver                        0x000000010091c77c cxxbridge1$str$ptr + 1711704\n9   chromedriver                        0x00000001008fd3ec cxxbridge1$str$ptr + 1583816\n10  chromedriver                        0x000000010091d04c cxxbridge1$str$ptr + 1713960\n11  chromedriver                        0x00000001008edfc8 cxxbridge1$str$ptr + 1521316\n12  chromedriver                        0x000000010093ab68 cxxbridge1$str$ptr + 1835588\n13  chromedriver                        0x000000010093ace4 cxxbridge1$str$ptr + 1835968\n14  chromedriver                        0x0000000100949308 cxxbridge1$str$ptr + 1894884\n15  libsystem_pthread.dylib             0x000000018305f2e4 _pthread_start + 136\n16  libsystem_pthread.dylib             0x000000018305a0fc thread_start + 8", "trace": "self = <tests.test_lenta_orders.TestLenta object at 0x10294c770>\n\n    @allure.title(\"Тест появления заказа в ленте заказов\")\n    @pytest.mark.usefixtures(\"driver\")\n    def test_orders_from_history_in_lenta(self):\n        self.driver.get(main_url)\n        client = LentaPage(self.driver)\n>       result = client.check_orders_from_history_in_lenta()\n\ntests/test_lenta_orders.py:28: \n_ _ _ _ _ _ _ _ _ _ _ _ _ _ _ _ _ _ _ _ _ _ _ _ _ _ _ _ _ _ _ _ _ _ _ _ _ _ _ _ _ _ _ _ _ _ _ _ _ _ _ _ _ _ _ _ _ _ _ _ _ _ _ _ _ _ _ _ _ _ _ _ _ _ _ _ _ _ _ _ _ _ _ _ _ _ _ _ _ _ _\npages/lenta_orders_page.py:46: in check_orders_from_history_in_lenta\n    self.drag_and_drop(self.button_image_ingredient,self.constructor_element)\npages/base_page.py:59: in drag_and_drop\n    source_element = self.driver.find_element(*element)\nvenv/lib/python3.12/site-packages/selenium/webdriver/remote/webdriver.py:748: in find_element\n    return self.execute(Command.FIND_ELEMENT, {\"using\": by, \"value\": value})[\"value\"]\nvenv/lib/python3.12/site-packages/selenium/webdriver/remote/webdriver.py:354: in execute\n    self.error_handler.check_response(response)\n_ _ _ _ _ _ _ _ _ _ _ _ _ _ _ _ _ _ _ _ _ _ _ _ _ _ _ _ _ _ _ _ _ _ _ _ _ _ _ _ _ _ _ _ _ _ _ _ _ _ _ _ _ _ _ _ _ _ _ _ _ _ _ _ _ _ _ _ _ _ _ _ _ _ _ _ _ _ _ _ _ _ _ _ _ _ _ _ _ _ _\n\nself = <selenium.webdriver.remote.errorhandler.ErrorHandler object at 0x1029e1220>\nresponse = {'status': 404, 'value': '{\"value\":{\"error\":\"no such element\",\"message\":\"no such element: Unable to locate element: {\\...00018305f2e4 _pthread_start + 136\\\\n16  libsystem_pthread.dylib             0x000000018305a0fc thread_start + 8\\\\n\"}}'}\n\n    def check_response(self, response: Dict[str, Any]) -> None:\n        \"\"\"Checks that a JSON response from the WebDriver does not have an\n        error.\n    \n        :Args:\n         - response - The JSON response from the WebDriver server as a dictionary\n           object.\n    \n        :Raises: If the response contains an error message.\n        \"\"\"\n        status = response.get(\"status\", None)\n        if not status or status == ErrorCode.SUCCESS:\n            return\n        value = None\n        message = response.get(\"message\", \"\")\n        screen: str = response.get(\"screen\", \"\")\n        stacktrace = None\n        if isinstance(status, int):\n            value_json = response.get(\"value\", None)\n            if value_json and isinstance(value_json, str):\n                import json\n    \n                try:\n                    value = json.loads(value_json)\n                    if len(value) == 1:\n                        value = value[\"value\"]\n                    status = value.get(\"error\", None)\n                    if not status:\n                        status = value.get(\"status\", ErrorCode.UNKNOWN_ERROR)\n                        message = value.get(\"value\") or value.get(\"message\")\n                        if not isinstance(message, str):\n                            value = message\n                            message = message.get(\"message\")\n                    else:\n                        message = value.get(\"message\", None)\n                except ValueError:\n                    pass\n    \n        exception_class: Type[WebDriverException]\n        e = ErrorCode()\n        error_codes = [item for item in dir(e) if not item.startswith(\"__\")]\n        for error_code in error_codes:\n            error_info = getattr(ErrorCode, error_code)\n            if isinstance(error_info, list) and status in error_info:\n                exception_class = getattr(ExceptionMapping, error_code, WebDriverException)\n                break\n        else:\n            exception_class = WebDriverException\n    \n        if not value:\n            value = response[\"value\"]\n        if isinstance(value, str):\n            raise exception_class(value)\n        if message == \"\" and \"message\" in value:\n            message = value[\"message\"]\n    \n        screen = None  # type: ignore[assignment]\n        if \"screen\" in value:\n            screen = value[\"screen\"]\n    \n        stacktrace = None\n        st_value = value.get(\"stackTrace\") or value.get(\"stacktrace\")\n        if st_value:\n            if isinstance(st_value, str):\n                stacktrace = st_value.split(\"\\n\")\n            else:\n                stacktrace = []\n                try:\n                    for frame in st_value:\n                        line = frame.get(\"lineNumber\", \"\")\n                        file = frame.get(\"fileName\", \"<anonymous>\")\n                        if line:\n                            file = f\"{file}:{line}\"\n                        meth = frame.get(\"methodName\", \"<anonymous>\")\n                        if \"className\" in frame:\n                            meth = f\"{frame['className']}.{meth}\"\n                        msg = \"    at %s (%s)\"\n                        msg = msg % (meth, file)\n                        stacktrace.append(msg)\n                except TypeError:\n                    pass\n        if exception_class == UnexpectedAlertPresentException:\n            alert_text = None\n            if \"data\" in value:\n                alert_text = value[\"data\"].get(\"text\")\n            elif \"alert\" in value:\n                alert_text = value[\"alert\"].get(\"text\")\n            raise exception_class(message, screen, stacktrace, alert_text)  # type: ignore[call-arg]  # mypy is not smart enough here\n>       raise exception_class(message, screen, stacktrace)\nE       selenium.common.exceptions.NoSuchElementException: Message: no such element: Unable to locate element: {\"method\":\"css selector\",\"selector\":\".BurgerIngredient_ingredient__image__3e-07\"}\nE         (Session info: chrome=128.0.6613.138); For documentation on this error, please visit: https://www.selenium.dev/documentation/webdriver/troubleshooting/errors#no-such-element-exception\nE       Stacktrace:\nE       0   chromedriver                        0x0000000100951208 cxxbridge1$str$ptr + 1927396\nE       1   chromedriver                        0x000000010094966c cxxbridge1$str$ptr + 1895752\nE       2   chromedriver                        0x0000000100544808 cxxbridge1$string$len + 89564\nE       3   chromedriver                        0x0000000100588bcc cxxbridge1$string$len + 369056\nE       4   chromedriver                        0x00000001005c2228 cxxbridge1$string$len + 604156\nE       5   chromedriver                        0x000000010057d698 cxxbridge1$string$len + 322668\nE       6   chromedriver                        0x000000010057e310 cxxbridge1$string$len + 325860\nE       7   chromedriver                        0x0000000100917e78 cxxbridge1$str$ptr + 1693012\nE       8   chromedriver                        0x000000010091c77c cxxbridge1$str$ptr + 1711704\nE       9   chromedriver                        0x00000001008fd3ec cxxbridge1$str$ptr + 1583816\nE       10  chromedriver                        0x000000010091d04c cxxbridge1$str$ptr + 1713960\nE       11  chromedriver                        0x00000001008edfc8 cxxbridge1$str$ptr + 1521316\nE       12  chromedriver                        0x000000010093ab68 cxxbridge1$str$ptr + 1835588\nE       13  chromedriver                        0x000000010093ace4 cxxbridge1$str$ptr + 1835968\nE       14  chromedriver                        0x0000000100949308 cxxbridge1$str$ptr + 1894884\nE       15  libsystem_pthread.dylib             0x000000018305f2e4 _pthread_start + 136\nE       16  libsystem_pthread.dylib             0x000000018305a0fc thread_start + 8\n\nvenv/lib/python3.12/site-packages/selenium/webdriver/remote/errorhandler.py:229: NoSuchElementException"}, "steps": [{"name": "Проверка наличия заказа в ленте заказов", "status": "broken", "statusDetails": {"message": "selenium.common.exceptions.NoSuchElementException: Message: no such element: Unable to locate element: {\"method\":\"css selector\",\"selector\":\".BurgerIngredient_ingredient__image__3e-07\"}\n  (Session info: chrome=128.0.6613.138); For documentation on this error, please visit: https://www.selenium.dev/documentation/webdriver/troubleshooting/errors#no-such-element-exception\nStacktrace:\n0   chromedriver                        0x0000000100951208 cxxbridge1$str$ptr + 1927396\n1   chromedriver                        0x000000010094966c cxxbridge1$str$ptr + 1895752\n2   chromedriver                        0x0000000100544808 cxxbridge1$string$len + 89564\n3   chromedriver                        0x0000000100588bcc cxxbridge1$string$len + 369056\n4   chromedriver                        0x00000001005c2228 cxxbridge1$string$len + 604156\n5   chromedriver                        0x000000010057d698 cxxbridge1$string$len + 322668\n6   chromedriver                        0x000000010057e310 cxxbridge1$string$len + 325860\n7   chromedriver                        0x0000000100917e78 cxxbridge1$str$ptr + 1693012\n8   chromedriver                        0x000000010091c77c cxxbridge1$str$ptr + 1711704\n9   chromedriver                        0x00000001008fd3ec cxxbridge1$str$ptr + 1583816\n10  chromedriver                        0x000000010091d04c cxxbridge1$str$ptr + 1713960\n11  chromedriver                        0x00000001008edfc8 cxxbridge1$str$ptr + 1521316\n12  chromedriver                        0x000000010093ab68 cxxbridge1$str$ptr + 1835588\n13  chromedriver                        0x000000010093ace4 cxxbridge1$str$ptr + 1835968\n14  chromedriver                        0x0000000100949308 cxxbridge1$str$ptr + 1894884\n15  libsystem_pthread.dylib             0x000000018305f2e4 _pthread_start + 136\n16  libsystem_pthread.dylib             0x000000018305a0fc thread_start + 8\n\n", "trace": "  File \"/Users/ulabualskaa/Documents/GitHub/Diplom_3/venv/lib/python3.12/site-packages/allure_commons/_allure.py\", line 192, in impl\n    return func(*a, **kw)\n           ^^^^^^^^^^^^^^\n  File \"/Users/ulabualskaa/Documents/GitHub/Diplom_3/pages/lenta_orders_page.py\", line 46, in check_orders_from_history_in_lenta\n    self.drag_and_drop(self.button_image_ingredient,self.constructor_element)\n  File \"/Users/ulabualskaa/Documents/GitHub/Diplom_3/venv/lib/python3.12/site-packages/allure_commons/_allure.py\", line 192, in impl\n    return func(*a, **kw)\n           ^^^^^^^^^^^^^^\n  File \"/Users/ulabualskaa/Documents/GitHub/Diplom_3/pages/base_page.py\", line 59, in drag_and_drop\n    source_element = self.driver.find_element(*element)\n                     ^^^^^^^^^^^^^^^^^^^^^^^^^^^^^^^^^^\n  File \"/Users/ulabualskaa/Documents/GitHub/Diplom_3/venv/lib/python3.12/site-packages/selenium/webdriver/remote/webdriver.py\", line 748, in find_element\n    return self.execute(Command.FIND_ELEMENT, {\"using\": by, \"value\": value})[\"value\"]\n           ^^^^^^^^^^^^^^^^^^^^^^^^^^^^^^^^^^^^^^^^^^^^^^^^^^^^^^^^^^^^^^^^^\n  File \"/Users/ulabualskaa/Documents/GitHub/Diplom_3/venv/lib/python3.12/site-packages/selenium/webdriver/remote/webdriver.py\", line 354, in execute\n    self.error_handler.check_response(response)\n  File \"/Users/ulabualskaa/Documents/GitHub/Diplom_3/venv/lib/python3.12/site-packages/selenium/webdriver/remote/errorhandler.py\", line 229, in check_response\n    raise exception_class(message, screen, stacktrace)\n"}, "steps": [{"name": "Принудительный клик ['css selector', 'a.AppHeader_header__link__3D_hX:nth-child(3) > p:nth-child(2)']", "status": "passed", "parameters": [{"name": "element", "value": "['css selector', 'a.AppHeader_header__link__3D_hX:nth-child(3) > p:nth-child(2)']"}], "start": 1726779280625, "stop": 1726779280918}, {"name": "Ожидание кликабельности ['name', 'name']", "status": "passed", "parameters": [{"name": "element", "value": "['name', 'name']"}], "start": 1726779280918, "stop": 1726779281164}, {"name": "Клик по элементу ['name', 'name']", "status": "passed", "parameters": [{"name": "element", "value": "['name', 'name']"}], "start": 1726779281164, "stop": 1726779281188}, {"name": "Заполнение элемента ['name', 'name'] текстом 'nikitakuleshov1991@yandex.ru'", "status": "passed", "parameters": [{"name": "element", "value": "['name', 'name']"}, {"name": "text", "value": "'nikitakuleshov1991@yandex.ru'"}], "start": 1726779281188, "stop": 1726779281265}, {"name": "Клик по элементу ['name', 'Пароль']", "status": "passed", "parameters": [{"name": "element", "value": "['name', 'Пароль']"}], "start": 1726779281265, "stop": 1726779281288}, {"name": "Заполнение элемента ['name', 'Пароль'] текстом '01200120'", "status": "passed", "parameters": [{"name": "element", "value": "['name', 'Пароль']"}, {"name": "text", "value": "'01200120'"}], "start": 1726779281288, "stop": 1726779281302}, {"name": "Принудительный клик ['css selector', '.button_button__33qZ0']", "status": "passed", "parameters": [{"name": "element", "value": "['css selector', '.button_button__33qZ0']"}], "start": 1726779281302, "stop": 1726779281582}, {"name": "Перетаскивание", "status": "broken", "statusDetails": {"message": "selenium.common.exceptions.NoSuchElementException: Message: no such element: Unable to locate element: {\"method\":\"css selector\",\"selector\":\".BurgerIngredient_ingredient__image__3e-07\"}\n  (Session info: chrome=128.0.6613.138); For documentation on this error, please visit: https://www.selenium.dev/documentation/webdriver/troubleshooting/errors#no-such-element-exception\nStacktrace:\n0   chromedriver                        0x0000000100951208 cxxbridge1$str$ptr + 1927396\n1   chromedriver                        0x000000010094966c cxxbridge1$str$ptr + 1895752\n2   chromedriver                        0x0000000100544808 cxxbridge1$string$len + 89564\n3   chromedriver                        0x0000000100588bcc cxxbridge1$string$len + 369056\n4   chromedriver                        0x00000001005c2228 cxxbridge1$string$len + 604156\n5   chromedriver                        0x000000010057d698 cxxbridge1$string$len + 322668\n6   chromedriver                        0x000000010057e310 cxxbridge1$string$len + 325860\n7   chromedriver                        0x0000000100917e78 cxxbridge1$str$ptr + 1693012\n8   chromedriver                        0x000000010091c77c cxxbridge1$str$ptr + 1711704\n9   chromedriver                        0x00000001008fd3ec cxxbridge1$str$ptr + 1583816\n10  chromedriver                        0x000000010091d04c cxxbridge1$str$ptr + 1713960\n11  chromedriver                        0x00000001008edfc8 cxxbridge1$str$ptr + 1521316\n12  chromedriver                        0x000000010093ab68 cxxbridge1$str$ptr + 1835588\n13  chromedriver                        0x000000010093ace4 cxxbridge1$str$ptr + 1835968\n14  chromedriver                        0x0000000100949308 cxxbridge1$str$ptr + 1894884\n15  libsystem_pthread.dylib             0x000000018305f2e4 _pthread_start + 136\n16  libsystem_pthread.dylib             0x000000018305a0fc thread_start + 8\n\n", "trace": "  File \"/Users/ulabualskaa/Documents/GitHub/Diplom_3/venv/lib/python3.12/site-packages/allure_commons/_allure.py\", line 192, in impl\n    return func(*a, **kw)\n           ^^^^^^^^^^^^^^\n  File \"/Users/ulabualskaa/Documents/GitHub/Diplom_3/pages/base_page.py\", line 59, in drag_and_drop\n    source_element = self.driver.find_element(*element)\n                     ^^^^^^^^^^^^^^^^^^^^^^^^^^^^^^^^^^\n  File \"/Users/ulabualskaa/Documents/GitHub/Diplom_3/venv/lib/python3.12/site-packages/selenium/webdriver/remote/webdriver.py\", line 748, in find_element\n    return self.execute(Command.FIND_ELEMENT, {\"using\": by, \"value\": value})[\"value\"]\n           ^^^^^^^^^^^^^^^^^^^^^^^^^^^^^^^^^^^^^^^^^^^^^^^^^^^^^^^^^^^^^^^^^\n  File \"/Users/ulabualskaa/Documents/GitHub/Diplom_3/venv/lib/python3.12/site-packages/selenium/webdriver/remote/webdriver.py\", line 354, in execute\n    self.error_handler.check_response(response)\n  File \"/Users/ulabualskaa/Documents/GitHub/Diplom_3/venv/lib/python3.12/site-packages/selenium/webdriver/remote/errorhandler.py\", line 229, in check_response\n    raise exception_class(message, screen, stacktrace)\n"}, "parameters": [{"name": "element", "value": "['class name', 'BurgerIngredient_ingredient__image__3e-07']"}, {"name": "element_drop", "value": "['class name', 'constructor-element__row']"}], "start": 1726779281582, "stop": 1726779281588}], "start": 1726779280625, "stop": 1726779281589}], "parameters": [{"name": "driver", "value": "'chrome'"}], "start": 1726779280458, "stop": 1726779281590, "uuid": "d66e8a92-4f25-4e17-886a-5094d048e707", "historyId": "9bfe796587a9c9e40ae2c0241ec7bd03", "testCaseId": "19fb64910ae2113c0b428bb2f20c7cc9", "fullName": "tests.test_lenta_orders.TestLenta#test_orders_from_history_in_lenta", "labels": [{"name": "tag", "value": "@pytest.mark.usefixtures('driver')"}, {"name": "parentSuite", "value": "tests"}, {"name": "suite", "value": "test_lenta_orders"}, {"name": "subSuite", "value": "TestLenta"}, {"name": "host", "value": "MacBook-Pro-Ula.local"}, {"name": "thread", "value": "14340-MainThread"}, {"name": "framework", "value": "pytest"}, {"name": "language", "value": "cpython3"}, {"name": "package", "value": "tests.test_lenta_orders"}]}