{"name": "Проверка кнопки конструктора", "status": "broken", "statusDetails": {"message": "selenium.common.exceptions.NoSuchWindowException: Message: Browsing context has been discarded\nStacktrace:\nRemoteError@chrome://remote/content/shared/RemoteError.sys.mjs:8:8\nWebDriverError@chrome://remote/content/shared/webdriver/Errors.sys.mjs:193:5\nNoSuchWindowError@chrome://remote/content/shared/webdriver/Errors.sys.mjs:679:5\nassert.that/<@chrome://remote/content/shared/webdriver/Assert.sys.mjs:515:13\nassert.open@chrome://remote/content/shared/webdriver/Assert.sys.mjs:147:4\nGeckoDriver.prototype.findElement@chrome://remote/content/marionette/driver.sys.mjs:1539:15\ndespatch@chrome://remote/content/marionette/server.sys.mjs:318:40\nexecute@chrome://remote/content/marionette/server.sys.mjs:289:16\nonPacket/<@chrome://remote/content/marionette/server.sys.mjs:262:20\nonPacket@chrome://remote/content/marionette/server.sys.mjs:263:9\n_onJSONObjectReady/<@chrome://remote/content/marionette/transport.sys.mjs:494:20", "trace": "self = <tests.test_main_functions.TestMainFunctions object at 0x10418da60>\n\n    @allure.title(\"Проверка кнопки конструктора\")\n    @pytest.mark.usefixtures(\"driver\")\n    def test_button_construction(self):\n        self.driver.get(lenta_url)\n        client = MainPage(self.driver)\n>       client.check_button_constructor()\n\ntests/test_main_functions.py:20: \n_ _ _ _ _ _ _ _ _ _ _ _ _ _ _ _ _ _ _ _ _ _ _ _ _ _ _ _ _ _ _ _ _ _ _ _ _ _ _ _ _ _ _ _ _ _ _ _ _ _ _ _ _ _ _ _ _ _ _ _ _ _ _ _ _ _ _ _ _ _ _ _ _ _ _ _ _ _ _ _ _ _ _ _ _ _ _ _ _ _ _\npages/main_page.py:29: in check_button_constructor\n    self.click_virt_mouse(self.button_costructor)\npages/base_page.py:50: in click_virt_mouse\n    WebDriverWait(self.driver, 5).until(EC.element_to_be_clickable(element))\nvenv/lib/python3.12/site-packages/selenium/webdriver/support/wait.py:96: in until\n    value = method(self._driver)\nvenv/lib/python3.12/site-packages/selenium/webdriver/support/expected_conditions.py:363: in _predicate\n    target = driver.find_element(*target)  # grab element at locator\nvenv/lib/python3.12/site-packages/selenium/webdriver/remote/webdriver.py:748: in find_element\n    return self.execute(Command.FIND_ELEMENT, {\"using\": by, \"value\": value})[\"value\"]\nvenv/lib/python3.12/site-packages/selenium/webdriver/remote/webdriver.py:354: in execute\n    self.error_handler.check_response(response)\n_ _ _ _ _ _ _ _ _ _ _ _ _ _ _ _ _ _ _ _ _ _ _ _ _ _ _ _ _ _ _ _ _ _ _ _ _ _ _ _ _ _ _ _ _ _ _ _ _ _ _ _ _ _ _ _ _ _ _ _ _ _ _ _ _ _ _ _ _ _ _ _ _ _ _ _ _ _ _ _ _ _ _ _ _ _ _ _ _ _ _\n\nself = <selenium.webdriver.remote.errorhandler.ErrorHandler object at 0x10428c5f0>\nresponse = {'status': 404, 'value': '{\"value\":{\"error\":\"no such window\",\"message\":\"Browsing context has been discarded\",\"stacktra...ionette/server.sys.mjs:263:9\\\\n_onJSONObjectReady/<@chrome://remote/content/marionette/transport.sys.mjs:494:20\\\\n\"}}'}\n\n    def check_response(self, response: Dict[str, Any]) -> None:\n        \"\"\"Checks that a JSON response from the WebDriver does not have an\n        error.\n    \n        :Args:\n         - response - The JSON response from the WebDriver server as a dictionary\n           object.\n    \n        :Raises: If the response contains an error message.\n        \"\"\"\n        status = response.get(\"status\", None)\n        if not status or status == ErrorCode.SUCCESS:\n            return\n        value = None\n        message = response.get(\"message\", \"\")\n        screen: str = response.get(\"screen\", \"\")\n        stacktrace = None\n        if isinstance(status, int):\n            value_json = response.get(\"value\", None)\n            if value_json and isinstance(value_json, str):\n                import json\n    \n                try:\n                    value = json.loads(value_json)\n                    if len(value) == 1:\n                        value = value[\"value\"]\n                    status = value.get(\"error\", None)\n                    if not status:\n                        status = value.get(\"status\", ErrorCode.UNKNOWN_ERROR)\n                        message = value.get(\"value\") or value.get(\"message\")\n                        if not isinstance(message, str):\n                            value = message\n                            message = message.get(\"message\")\n                    else:\n                        message = value.get(\"message\", None)\n                except ValueError:\n                    pass\n    \n        exception_class: Type[WebDriverException]\n        e = ErrorCode()\n        error_codes = [item for item in dir(e) if not item.startswith(\"__\")]\n        for error_code in error_codes:\n            error_info = getattr(ErrorCode, error_code)\n            if isinstance(error_info, list) and status in error_info:\n                exception_class = getattr(ExceptionMapping, error_code, WebDriverException)\n                break\n        else:\n            exception_class = WebDriverException\n    \n        if not value:\n            value = response[\"value\"]\n        if isinstance(value, str):\n            raise exception_class(value)\n        if message == \"\" and \"message\" in value:\n            message = value[\"message\"]\n    \n        screen = None  # type: ignore[assignment]\n        if \"screen\" in value:\n            screen = value[\"screen\"]\n    \n        stacktrace = None\n        st_value = value.get(\"stackTrace\") or value.get(\"stacktrace\")\n        if st_value:\n            if isinstance(st_value, str):\n                stacktrace = st_value.split(\"\\n\")\n            else:\n                stacktrace = []\n                try:\n                    for frame in st_value:\n                        line = frame.get(\"lineNumber\", \"\")\n                        file = frame.get(\"fileName\", \"<anonymous>\")\n                        if line:\n                            file = f\"{file}:{line}\"\n                        meth = frame.get(\"methodName\", \"<anonymous>\")\n                        if \"className\" in frame:\n                            meth = f\"{frame['className']}.{meth}\"\n                        msg = \"    at %s (%s)\"\n                        msg = msg % (meth, file)\n                        stacktrace.append(msg)\n                except TypeError:\n                    pass\n        if exception_class == UnexpectedAlertPresentException:\n            alert_text = None\n            if \"data\" in value:\n                alert_text = value[\"data\"].get(\"text\")\n            elif \"alert\" in value:\n                alert_text = value[\"alert\"].get(\"text\")\n            raise exception_class(message, screen, stacktrace, alert_text)  # type: ignore[call-arg]  # mypy is not smart enough here\n>       raise exception_class(message, screen, stacktrace)\nE       selenium.common.exceptions.NoSuchWindowException: Message: Browsing context has been discarded\nE       Stacktrace:\nE       RemoteError@chrome://remote/content/shared/RemoteError.sys.mjs:8:8\nE       WebDriverError@chrome://remote/content/shared/webdriver/Errors.sys.mjs:193:5\nE       NoSuchWindowError@chrome://remote/content/shared/webdriver/Errors.sys.mjs:679:5\nE       assert.that/<@chrome://remote/content/shared/webdriver/Assert.sys.mjs:515:13\nE       assert.open@chrome://remote/content/shared/webdriver/Assert.sys.mjs:147:4\nE       GeckoDriver.prototype.findElement@chrome://remote/content/marionette/driver.sys.mjs:1539:15\nE       despatch@chrome://remote/content/marionette/server.sys.mjs:318:40\nE       execute@chrome://remote/content/marionette/server.sys.mjs:289:16\nE       onPacket/<@chrome://remote/content/marionette/server.sys.mjs:262:20\nE       onPacket@chrome://remote/content/marionette/server.sys.mjs:263:9\nE       _onJSONObjectReady/<@chrome://remote/content/marionette/transport.sys.mjs:494:20\n\nvenv/lib/python3.12/site-packages/selenium/webdriver/remote/errorhandler.py:229: NoSuchWindowException"}, "steps": [{"name": "Проверка кнопки конструктор", "status": "broken", "statusDetails": {"message": "selenium.common.exceptions.NoSuchWindowException: Message: Browsing context has been discarded\nStacktrace:\nRemoteError@chrome://remote/content/shared/RemoteError.sys.mjs:8:8\nWebDriverError@chrome://remote/content/shared/webdriver/Errors.sys.mjs:193:5\nNoSuchWindowError@chrome://remote/content/shared/webdriver/Errors.sys.mjs:679:5\nassert.that/<@chrome://remote/content/shared/webdriver/Assert.sys.mjs:515:13\nassert.open@chrome://remote/content/shared/webdriver/Assert.sys.mjs:147:4\nGeckoDriver.prototype.findElement@chrome://remote/content/marionette/driver.sys.mjs:1539:15\ndespatch@chrome://remote/content/marionette/server.sys.mjs:318:40\nexecute@chrome://remote/content/marionette/server.sys.mjs:289:16\nonPacket/<@chrome://remote/content/marionette/server.sys.mjs:262:20\nonPacket@chrome://remote/content/marionette/server.sys.mjs:263:9\n_onJSONObjectReady/<@chrome://remote/content/marionette/transport.sys.mjs:494:20\n\n", "trace": "  File \"/Users/ulabualskaa/Documents/GitHub/Diplom_3/venv/lib/python3.12/site-packages/allure_commons/_allure.py\", line 192, in impl\n    return func(*a, **kw)\n           ^^^^^^^^^^^^^^\n  File \"/Users/ulabualskaa/Documents/GitHub/Diplom_3/pages/main_page.py\", line 29, in check_button_constructor\n    self.click_virt_mouse(self.button_costructor)\n  File \"/Users/ulabualskaa/Documents/GitHub/Diplom_3/pages/base_page.py\", line 50, in click_virt_mouse\n    WebDriverWait(self.driver, 5).until(EC.element_to_be_clickable(element))\n  File \"/Users/ulabualskaa/Documents/GitHub/Diplom_3/venv/lib/python3.12/site-packages/selenium/webdriver/support/wait.py\", line 96, in until\n    value = method(self._driver)\n            ^^^^^^^^^^^^^^^^^^^^\n  File \"/Users/ulabualskaa/Documents/GitHub/Diplom_3/venv/lib/python3.12/site-packages/selenium/webdriver/support/expected_conditions.py\", line 363, in _predicate\n    target = driver.find_element(*target)  # grab element at locator\n             ^^^^^^^^^^^^^^^^^^^^^^^^^^^^\n  File \"/Users/ulabualskaa/Documents/GitHub/Diplom_3/venv/lib/python3.12/site-packages/selenium/webdriver/remote/webdriver.py\", line 748, in find_element\n    return self.execute(Command.FIND_ELEMENT, {\"using\": by, \"value\": value})[\"value\"]\n           ^^^^^^^^^^^^^^^^^^^^^^^^^^^^^^^^^^^^^^^^^^^^^^^^^^^^^^^^^^^^^^^^^\n  File \"/Users/ulabualskaa/Documents/GitHub/Diplom_3/venv/lib/python3.12/site-packages/selenium/webdriver/remote/webdriver.py\", line 354, in execute\n    self.error_handler.check_response(response)\n  File \"/Users/ulabualskaa/Documents/GitHub/Diplom_3/venv/lib/python3.12/site-packages/selenium/webdriver/remote/errorhandler.py\", line 229, in check_response\n    raise exception_class(message, screen, stacktrace)\n"}, "start": 1727003941100, "stop": 1727003941102}], "parameters": [{"name": "driver", "value": "'firefox'"}], "start": 1727003940792, "stop": 1727003941103, "uuid": "bc262dee-974b-46fc-8f3a-7878df772f71", "historyId": "a6e71854908719e10a847a7b0e937160", "testCaseId": "921b70d037724034c19d981cc2b58132", "fullName": "tests.test_main_functions.TestMainFunctions#test_button_construction", "labels": [{"name": "tag", "value": "@pytest.mark.usefixtures('driver')"}, {"name": "parentSuite", "value": "tests"}, {"name": "suite", "value": "test_main_functions"}, {"name": "subSuite", "value": "TestMainFunctions"}, {"name": "host", "value": "MacBook-Pro-Ula.local"}, {"name": "thread", "value": "8096-MainThread"}, {"name": "framework", "value": "pytest"}, {"name": "language", "value": "cpython3"}, {"name": "package", "value": "tests.test_main_functions"}]}