{"name": "Тест выхода из аккаунта", "status": "broken", "statusDetails": {"message": "selenium.common.exceptions.TimeoutException: Message: \nStacktrace:\n0   chromedriver                        0x0000000102dad208 cxxbridge1$str$ptr + 1927396\n1   chromedriver                        0x0000000102da566c cxxbridge1$str$ptr + 1895752\n2   chromedriver                        0x00000001029a0808 cxxbridge1$string$len + 89564\n3   chromedriver                        0x00000001029e4bcc cxxbridge1$string$len + 369056\n4   chromedriver                        0x0000000102a1e228 cxxbridge1$string$len + 604156\n5   chromedriver                        0x00000001029d9698 cxxbridge1$string$len + 322668\n6   chromedriver                        0x00000001029da310 cxxbridge1$string$len + 325860\n7   chromedriver                        0x0000000102d73e78 cxxbridge1$str$ptr + 1693012\n8   chromedriver                        0x0000000102d7877c cxxbridge1$str$ptr + 1711704\n9   chromedriver                        0x0000000102d593ec cxxbridge1$str$ptr + 1583816\n10  chromedriver                        0x0000000102d7904c cxxbridge1$str$ptr + 1713960\n11  chromedriver                        0x0000000102d49fc8 cxxbridge1$str$ptr + 1521316\n12  chromedriver                        0x0000000102d96b68 cxxbridge1$str$ptr + 1835588\n13  chromedriver                        0x0000000102d96ce4 cxxbridge1$str$ptr + 1835968\n14  chromedriver                        0x0000000102da5308 cxxbridge1$str$ptr + 1894884\n15  libsystem_pthread.dylib             0x000000018305f2e4 _pthread_start + 136\n16  libsystem_pthread.dylib             0x000000018305a0fc thread_start + 8", "trace": "self = <tests.test_account.TestAccount object at 0x102913a10>\n\n    @allure.title(\"Тест выхода из аккаунта\")\n    @pytest.mark.usefixtures(\"driver\")\n    def test_sign_out(self):\n        self.driver.get(main_url)\n        client = PageAccount(self.driver)\n>       client.check_button_sign_out()\n\ntests/test_account.py:42: \n_ _ _ _ _ _ _ _ _ _ _ _ _ _ _ _ _ _ _ _ _ _ _ _ _ _ _ _ _ _ _ _ _ _ _ _ _ _ _ _ _ _ _ _ _ _ _ _ _ _ _ _ _ _ _ _ _ _ _ _ _ _ _ _ _ _ _ _ _ _ _ _ _ _ _ _ _ _ _ _ _ _ _ _ _ _ _ _ _ _ _\npages/page_account.py:58: in check_button_sign_out\n    self.wait(self.input_email)\npages/base_page.py:21: in wait\n    return WebDriverWait(self.driver, 10).until(EC.element_to_be_clickable(element))\n_ _ _ _ _ _ _ _ _ _ _ _ _ _ _ _ _ _ _ _ _ _ _ _ _ _ _ _ _ _ _ _ _ _ _ _ _ _ _ _ _ _ _ _ _ _ _ _ _ _ _ _ _ _ _ _ _ _ _ _ _ _ _ _ _ _ _ _ _ _ _ _ _ _ _ _ _ _ _ _ _ _ _ _ _ _ _ _ _ _ _\n\nself = <selenium.webdriver.support.wait.WebDriverWait (session=\"f3208b731d5f9a3d7c95d6b94e6071e5\")>, method = <function element_to_be_clickable.<locals>._predicate at 0x1029bb7e0>\nmessage = ''\n\n    def until(self, method: Callable[[D], Union[Literal[False], T]], message: str = \"\") -> T:\n        \"\"\"Calls the method provided with the driver as an argument until the \\\n        return value does not evaluate to ``False``.\n    \n        :param method: callable(WebDriver)\n        :param message: optional message for :exc:`TimeoutException`\n        :returns: the result of the last call to `method`\n        :raises: :exc:`selenium.common.exceptions.TimeoutException` if timeout occurs\n        \"\"\"\n        screen = None\n        stacktrace = None\n    \n        end_time = time.monotonic() + self._timeout\n        while True:\n            try:\n                value = method(self._driver)\n                if value:\n                    return value\n            except self._ignored_exceptions as exc:\n                screen = getattr(exc, \"screen\", None)\n                stacktrace = getattr(exc, \"stacktrace\", None)\n            time.sleep(self._poll)\n            if time.monotonic() > end_time:\n                break\n>       raise TimeoutException(message, screen, stacktrace)\nE       selenium.common.exceptions.TimeoutException: Message: \nE       Stacktrace:\nE       0   chromedriver                        0x0000000102dad208 cxxbridge1$str$ptr + 1927396\nE       1   chromedriver                        0x0000000102da566c cxxbridge1$str$ptr + 1895752\nE       2   chromedriver                        0x00000001029a0808 cxxbridge1$string$len + 89564\nE       3   chromedriver                        0x00000001029e4bcc cxxbridge1$string$len + 369056\nE       4   chromedriver                        0x0000000102a1e228 cxxbridge1$string$len + 604156\nE       5   chromedriver                        0x00000001029d9698 cxxbridge1$string$len + 322668\nE       6   chromedriver                        0x00000001029da310 cxxbridge1$string$len + 325860\nE       7   chromedriver                        0x0000000102d73e78 cxxbridge1$str$ptr + 1693012\nE       8   chromedriver                        0x0000000102d7877c cxxbridge1$str$ptr + 1711704\nE       9   chromedriver                        0x0000000102d593ec cxxbridge1$str$ptr + 1583816\nE       10  chromedriver                        0x0000000102d7904c cxxbridge1$str$ptr + 1713960\nE       11  chromedriver                        0x0000000102d49fc8 cxxbridge1$str$ptr + 1521316\nE       12  chromedriver                        0x0000000102d96b68 cxxbridge1$str$ptr + 1835588\nE       13  chromedriver                        0x0000000102d96ce4 cxxbridge1$str$ptr + 1835968\nE       14  chromedriver                        0x0000000102da5308 cxxbridge1$str$ptr + 1894884\nE       15  libsystem_pthread.dylib             0x000000018305f2e4 _pthread_start + 136\nE       16  libsystem_pthread.dylib             0x000000018305a0fc thread_start + 8\n\nvenv/lib/python3.12/site-packages/selenium/webdriver/support/wait.py:105: TimeoutException"}, "steps": [{"name": "Проверка выхода из аккаунта", "status": "broken", "statusDetails": {"message": "selenium.common.exceptions.TimeoutException: Message: \nStacktrace:\n0   chromedriver                        0x0000000102dad208 cxxbridge1$str$ptr + 1927396\n1   chromedriver                        0x0000000102da566c cxxbridge1$str$ptr + 1895752\n2   chromedriver                        0x00000001029a0808 cxxbridge1$string$len + 89564\n3   chromedriver                        0x00000001029e4bcc cxxbridge1$string$len + 369056\n4   chromedriver                        0x0000000102a1e228 cxxbridge1$string$len + 604156\n5   chromedriver                        0x00000001029d9698 cxxbridge1$string$len + 322668\n6   chromedriver                        0x00000001029da310 cxxbridge1$string$len + 325860\n7   chromedriver                        0x0000000102d73e78 cxxbridge1$str$ptr + 1693012\n8   chromedriver                        0x0000000102d7877c cxxbridge1$str$ptr + 1711704\n9   chromedriver                        0x0000000102d593ec cxxbridge1$str$ptr + 1583816\n10  chromedriver                        0x0000000102d7904c cxxbridge1$str$ptr + 1713960\n11  chromedriver                        0x0000000102d49fc8 cxxbridge1$str$ptr + 1521316\n12  chromedriver                        0x0000000102d96b68 cxxbridge1$str$ptr + 1835588\n13  chromedriver                        0x0000000102d96ce4 cxxbridge1$str$ptr + 1835968\n14  chromedriver                        0x0000000102da5308 cxxbridge1$str$ptr + 1894884\n15  libsystem_pthread.dylib             0x000000018305f2e4 _pthread_start + 136\n16  libsystem_pthread.dylib             0x000000018305a0fc thread_start + 8\n\n", "trace": "  File \"/Users/ulabualskaa/Documents/GitHub/Diplom_3/venv/lib/python3.12/site-packages/allure_commons/_allure.py\", line 192, in impl\n    return func(*a, **kw)\n           ^^^^^^^^^^^^^^\n  File \"/Users/ulabualskaa/Documents/GitHub/Diplom_3/pages/page_account.py\", line 58, in check_button_sign_out\n    self.wait(self.input_email)\n  File \"/Users/ulabualskaa/Documents/GitHub/Diplom_3/venv/lib/python3.12/site-packages/allure_commons/_allure.py\", line 192, in impl\n    return func(*a, **kw)\n           ^^^^^^^^^^^^^^\n  File \"/Users/ulabualskaa/Documents/GitHub/Diplom_3/pages/base_page.py\", line 21, in wait\n    return WebDriverWait(self.driver, 10).until(EC.element_to_be_clickable(element))\n           ^^^^^^^^^^^^^^^^^^^^^^^^^^^^^^^^^^^^^^^^^^^^^^^^^^^^^^^^^^^^^^^^^^^^^^^^^\n  File \"/Users/ulabualskaa/Documents/GitHub/Diplom_3/venv/lib/python3.12/site-packages/selenium/webdriver/support/wait.py\", line 105, in until\n    raise TimeoutException(message, screen, stacktrace)\n"}, "steps": [{"name": "Принудительный клик ['css selector', 'a.AppHeader_header__link__3D_hX:nth-child(3) > p:nth-child(2)']", "status": "passed", "parameters": [{"name": "element", "value": "['css selector', 'a.AppHeader_header__link__3D_hX:nth-child(3) > p:nth-child(2)']"}], "start": 1726779237328, "stop": 1726779237607}, {"name": "Ожидание кликабельности ['name', 'name']", "status": "broken", "statusDetails": {"message": "selenium.common.exceptions.TimeoutException: Message: \nStacktrace:\n0   chromedriver                        0x0000000102dad208 cxxbridge1$str$ptr + 1927396\n1   chromedriver                        0x0000000102da566c cxxbridge1$str$ptr + 1895752\n2   chromedriver                        0x00000001029a0808 cxxbridge1$string$len + 89564\n3   chromedriver                        0x00000001029e4bcc cxxbridge1$string$len + 369056\n4   chromedriver                        0x0000000102a1e228 cxxbridge1$string$len + 604156\n5   chromedriver                        0x00000001029d9698 cxxbridge1$string$len + 322668\n6   chromedriver                        0x00000001029da310 cxxbridge1$string$len + 325860\n7   chromedriver                        0x0000000102d73e78 cxxbridge1$str$ptr + 1693012\n8   chromedriver                        0x0000000102d7877c cxxbridge1$str$ptr + 1711704\n9   chromedriver                        0x0000000102d593ec cxxbridge1$str$ptr + 1583816\n10  chromedriver                        0x0000000102d7904c cxxbridge1$str$ptr + 1713960\n11  chromedriver                        0x0000000102d49fc8 cxxbridge1$str$ptr + 1521316\n12  chromedriver                        0x0000000102d96b68 cxxbridge1$str$ptr + 1835588\n13  chromedriver                        0x0000000102d96ce4 cxxbridge1$str$ptr + 1835968\n14  chromedriver                        0x0000000102da5308 cxxbridge1$str$ptr + 1894884\n15  libsystem_pthread.dylib             0x000000018305f2e4 _pthread_start + 136\n16  libsystem_pthread.dylib             0x000000018305a0fc thread_start + 8\n\n", "trace": "  File \"/Users/ulabualskaa/Documents/GitHub/Diplom_3/venv/lib/python3.12/site-packages/allure_commons/_allure.py\", line 192, in impl\n    return func(*a, **kw)\n           ^^^^^^^^^^^^^^\n  File \"/Users/ulabualskaa/Documents/GitHub/Diplom_3/pages/base_page.py\", line 21, in wait\n    return WebDriverWait(self.driver, 10).until(EC.element_to_be_clickable(element))\n           ^^^^^^^^^^^^^^^^^^^^^^^^^^^^^^^^^^^^^^^^^^^^^^^^^^^^^^^^^^^^^^^^^^^^^^^^^\n  File \"/Users/ulabualskaa/Documents/GitHub/Diplom_3/venv/lib/python3.12/site-packages/selenium/webdriver/support/wait.py\", line 105, in until\n    raise TimeoutException(message, screen, stacktrace)\n"}, "parameters": [{"name": "element", "value": "['name', 'name']"}], "start": 1726779237607, "stop": 1726779247903}], "start": 1726779237328, "stop": 1726779247904}], "parameters": [{"name": "driver", "value": "'chrome'"}], "start": 1726779237228, "stop": 1726779247909, "uuid": "c019ef37-66c7-4a7a-97fa-5de47c615071", "historyId": "2a1ae6fbfd8ef034d1459b8d07608dcb", "testCaseId": "10d31542c82b37da4286ce0fa6a564cc", "fullName": "tests.test_account.TestAccount#test_sign_out", "labels": [{"name": "tag", "value": "@pytest.mark.usefixtures('driver')"}, {"name": "parentSuite", "value": "tests"}, {"name": "suite", "value": "test_account"}, {"name": "subSuite", "value": "TestAccount"}, {"name": "host", "value": "MacBook-Pro-Ula.local"}, {"name": "thread", "value": "14340-MainThread"}, {"name": "framework", "value": "pytest"}, {"name": "language", "value": "cpython3"}, {"name": "package", "value": "tests.test_account"}]}