{"name": "Тест увеличения общего каунтера при оформлении заказа", "status": "broken", "statusDetails": {"message": "selenium.common.exceptions.TimeoutException: Message: \nStacktrace:\n0   chromedriver                        0x0000000100ebbed4 cxxbridge1$str$ptr + 1906348\n1   chromedriver                        0x0000000100eb4344 cxxbridge1$str$ptr + 1874716\n2   chromedriver                        0x0000000100ac8264 cxxbridge1$string$len + 89492\n3   chromedriver                        0x0000000100b0c514 cxxbridge1$string$len + 368708\n4   chromedriver                        0x0000000100b467d4 cxxbridge1$string$len + 606980\n5   chromedriver                        0x0000000100b01134 cxxbridge1$string$len + 322660\n6   chromedriver                        0x0000000100b01d84 cxxbridge1$string$len + 325812\n7   chromedriver                        0x0000000100e83f90 cxxbridge1$str$ptr + 1677160\n8   chromedriver                        0x0000000100e888fc cxxbridge1$str$ptr + 1695956\n9   chromedriver                        0x0000000100e694b8 cxxbridge1$str$ptr + 1567888\n10  chromedriver                        0x0000000100e891cc cxxbridge1$str$ptr + 1698212\n11  chromedriver                        0x0000000100e5aa60 cxxbridge1$str$ptr + 1507896\n12  chromedriver                        0x0000000100ea5214 cxxbridge1$str$ptr + 1812972\n13  chromedriver                        0x0000000100ea536c cxxbridge1$str$ptr + 1813316\n14  chromedriver                        0x0000000100eb3fe4 cxxbridge1$str$ptr + 1873852\n15  libsystem_pthread.dylib             0x000000018b8af2e4 _pthread_start + 136\n16  libsystem_pthread.dylib             0x000000018b8aa0fc thread_start + 8", "trace": "self = <tests.test_lenta_orders.TestLenta object at 0x1029850d0>\n\n    @allure.title(\"Тест увеличения общего каунтера при оформлении заказа\")\n    @pytest.mark.usefixtures(\"driver\")\n    def test_counter_all_orders_with_my_order(self):\n        self.driver.get(main_url)\n        client = LentaPage(self.driver)\n>       result = client.check_counter_all_oders()\n\ntests/test_lenta_orders.py:41: \n_ _ _ _ _ _ _ _ _ _ _ _ _ _ _ _ _ _ _ _ _ _ _ _ _ _ _ _ _ _ _ _ _ _ _ _ _ _ _ _ _ _ _ _ _ _ _ _ _ _ _ _ _ _ _ _ _ _ _ _ _ _ _ _ _ _ _ _ _ _ _ _ _ _ _ _ _ _ _ _ _ _ _ _ _ _ _ _ _ _ _\npages/lenta_orders_page.py:63: in check_counter_all_oders\n    self.wait(self.input_email)\npages/base_page.py:18: in wait\n    return WebDriverWait(self.driver, 10).until(EC.element_to_be_clickable(element))\n_ _ _ _ _ _ _ _ _ _ _ _ _ _ _ _ _ _ _ _ _ _ _ _ _ _ _ _ _ _ _ _ _ _ _ _ _ _ _ _ _ _ _ _ _ _ _ _ _ _ _ _ _ _ _ _ _ _ _ _ _ _ _ _ _ _ _ _ _ _ _ _ _ _ _ _ _ _ _ _ _ _ _ _ _ _ _ _ _ _ _\n\nself = <selenium.webdriver.support.wait.WebDriverWait (session=\"c59d89e15a8a4011bc54e640384ee4dc\")>, method = <function element_to_be_clickable.<locals>._predicate at 0x102a1e8e0>\nmessage = ''\n\n    def until(self, method: Callable[[D], Union[Literal[False], T]], message: str = \"\") -> T:\n        \"\"\"Calls the method provided with the driver as an argument until the \\\n        return value does not evaluate to ``False``.\n    \n        :param method: callable(WebDriver)\n        :param message: optional message for :exc:`TimeoutException`\n        :returns: the result of the last call to `method`\n        :raises: :exc:`selenium.common.exceptions.TimeoutException` if timeout occurs\n        \"\"\"\n        screen = None\n        stacktrace = None\n    \n        end_time = time.monotonic() + self._timeout\n        while True:\n            try:\n                value = method(self._driver)\n                if value:\n                    return value\n            except self._ignored_exceptions as exc:\n                screen = getattr(exc, \"screen\", None)\n                stacktrace = getattr(exc, \"stacktrace\", None)\n            time.sleep(self._poll)\n            if time.monotonic() > end_time:\n                break\n>       raise TimeoutException(message, screen, stacktrace)\nE       selenium.common.exceptions.TimeoutException: Message: \nE       Stacktrace:\nE       0   chromedriver                        0x0000000100ebbed4 cxxbridge1$str$ptr + 1906348\nE       1   chromedriver                        0x0000000100eb4344 cxxbridge1$str$ptr + 1874716\nE       2   chromedriver                        0x0000000100ac8264 cxxbridge1$string$len + 89492\nE       3   chromedriver                        0x0000000100b0c514 cxxbridge1$string$len + 368708\nE       4   chromedriver                        0x0000000100b467d4 cxxbridge1$string$len + 606980\nE       5   chromedriver                        0x0000000100b01134 cxxbridge1$string$len + 322660\nE       6   chromedriver                        0x0000000100b01d84 cxxbridge1$string$len + 325812\nE       7   chromedriver                        0x0000000100e83f90 cxxbridge1$str$ptr + 1677160\nE       8   chromedriver                        0x0000000100e888fc cxxbridge1$str$ptr + 1695956\nE       9   chromedriver                        0x0000000100e694b8 cxxbridge1$str$ptr + 1567888\nE       10  chromedriver                        0x0000000100e891cc cxxbridge1$str$ptr + 1698212\nE       11  chromedriver                        0x0000000100e5aa60 cxxbridge1$str$ptr + 1507896\nE       12  chromedriver                        0x0000000100ea5214 cxxbridge1$str$ptr + 1812972\nE       13  chromedriver                        0x0000000100ea536c cxxbridge1$str$ptr + 1813316\nE       14  chromedriver                        0x0000000100eb3fe4 cxxbridge1$str$ptr + 1873852\nE       15  libsystem_pthread.dylib             0x000000018b8af2e4 _pthread_start + 136\nE       16  libsystem_pthread.dylib             0x000000018b8aa0fc thread_start + 8\n\nvenv/lib/python3.12/site-packages/selenium/webdriver/support/wait.py:105: TimeoutException"}, "steps": [{"name": "Проверка увеличения каунтера всех заказов", "status": "broken", "statusDetails": {"message": "selenium.common.exceptions.TimeoutException: Message: \nStacktrace:\n0   chromedriver                        0x0000000100ebbed4 cxxbridge1$str$ptr + 1906348\n1   chromedriver                        0x0000000100eb4344 cxxbridge1$str$ptr + 1874716\n2   chromedriver                        0x0000000100ac8264 cxxbridge1$string$len + 89492\n3   chromedriver                        0x0000000100b0c514 cxxbridge1$string$len + 368708\n4   chromedriver                        0x0000000100b467d4 cxxbridge1$string$len + 606980\n5   chromedriver                        0x0000000100b01134 cxxbridge1$string$len + 322660\n6   chromedriver                        0x0000000100b01d84 cxxbridge1$string$len + 325812\n7   chromedriver                        0x0000000100e83f90 cxxbridge1$str$ptr + 1677160\n8   chromedriver                        0x0000000100e888fc cxxbridge1$str$ptr + 1695956\n9   chromedriver                        0x0000000100e694b8 cxxbridge1$str$ptr + 1567888\n10  chromedriver                        0x0000000100e891cc cxxbridge1$str$ptr + 1698212\n11  chromedriver                        0x0000000100e5aa60 cxxbridge1$str$ptr + 1507896\n12  chromedriver                        0x0000000100ea5214 cxxbridge1$str$ptr + 1812972\n13  chromedriver                        0x0000000100ea536c cxxbridge1$str$ptr + 1813316\n14  chromedriver                        0x0000000100eb3fe4 cxxbridge1$str$ptr + 1873852\n15  libsystem_pthread.dylib             0x000000018b8af2e4 _pthread_start + 136\n16  libsystem_pthread.dylib             0x000000018b8aa0fc thread_start + 8\n\n", "trace": "  File \"/Users/ulabualskaa/Documents/GitHub/Diplom_3/venv/lib/python3.12/site-packages/allure_commons/_allure.py\", line 192, in impl\n    return func(*a, **kw)\n           ^^^^^^^^^^^^^^\n  File \"/Users/ulabualskaa/Documents/GitHub/Diplom_3/pages/lenta_orders_page.py\", line 63, in check_counter_all_oders\n    self.wait(self.input_email)\n  File \"/Users/ulabualskaa/Documents/GitHub/Diplom_3/venv/lib/python3.12/site-packages/allure_commons/_allure.py\", line 192, in impl\n    return func(*a, **kw)\n           ^^^^^^^^^^^^^^\n  File \"/Users/ulabualskaa/Documents/GitHub/Diplom_3/pages/base_page.py\", line 18, in wait\n    return WebDriverWait(self.driver, 10).until(EC.element_to_be_clickable(element))\n           ^^^^^^^^^^^^^^^^^^^^^^^^^^^^^^^^^^^^^^^^^^^^^^^^^^^^^^^^^^^^^^^^^^^^^^^^^\n  File \"/Users/ulabualskaa/Documents/GitHub/Diplom_3/venv/lib/python3.12/site-packages/selenium/webdriver/support/wait.py\", line 105, in until\n    raise TimeoutException(message, screen, stacktrace)\n"}, "steps": [{"name": "Принудительный клик ['css selector', 'a.AppHeader_header__link__3D_hX:nth-child(3)']", "status": "passed", "parameters": [{"name": "element", "value": "['css selector', 'a.AppHeader_header__link__3D_hX:nth-child(3)']"}], "start": 1727186195214, "stop": 1727186195492}, {"name": "Ожидание кликабельности ['name', 'name']", "status": "broken", "statusDetails": {"message": "selenium.common.exceptions.TimeoutException: Message: \nStacktrace:\n0   chromedriver                        0x0000000100ebbed4 cxxbridge1$str$ptr + 1906348\n1   chromedriver                        0x0000000100eb4344 cxxbridge1$str$ptr + 1874716\n2   chromedriver                        0x0000000100ac8264 cxxbridge1$string$len + 89492\n3   chromedriver                        0x0000000100b0c514 cxxbridge1$string$len + 368708\n4   chromedriver                        0x0000000100b467d4 cxxbridge1$string$len + 606980\n5   chromedriver                        0x0000000100b01134 cxxbridge1$string$len + 322660\n6   chromedriver                        0x0000000100b01d84 cxxbridge1$string$len + 325812\n7   chromedriver                        0x0000000100e83f90 cxxbridge1$str$ptr + 1677160\n8   chromedriver                        0x0000000100e888fc cxxbridge1$str$ptr + 1695956\n9   chromedriver                        0x0000000100e694b8 cxxbridge1$str$ptr + 1567888\n10  chromedriver                        0x0000000100e891cc cxxbridge1$str$ptr + 1698212\n11  chromedriver                        0x0000000100e5aa60 cxxbridge1$str$ptr + 1507896\n12  chromedriver                        0x0000000100ea5214 cxxbridge1$str$ptr + 1812972\n13  chromedriver                        0x0000000100ea536c cxxbridge1$str$ptr + 1813316\n14  chromedriver                        0x0000000100eb3fe4 cxxbridge1$str$ptr + 1873852\n15  libsystem_pthread.dylib             0x000000018b8af2e4 _pthread_start + 136\n16  libsystem_pthread.dylib             0x000000018b8aa0fc thread_start + 8\n\n", "trace": "  File \"/Users/ulabualskaa/Documents/GitHub/Diplom_3/venv/lib/python3.12/site-packages/allure_commons/_allure.py\", line 192, in impl\n    return func(*a, **kw)\n           ^^^^^^^^^^^^^^\n  File \"/Users/ulabualskaa/Documents/GitHub/Diplom_3/pages/base_page.py\", line 18, in wait\n    return WebDriverWait(self.driver, 10).until(EC.element_to_be_clickable(element))\n           ^^^^^^^^^^^^^^^^^^^^^^^^^^^^^^^^^^^^^^^^^^^^^^^^^^^^^^^^^^^^^^^^^^^^^^^^^\n  File \"/Users/ulabualskaa/Documents/GitHub/Diplom_3/venv/lib/python3.12/site-packages/selenium/webdriver/support/wait.py\", line 105, in until\n    raise TimeoutException(message, screen, stacktrace)\n"}, "parameters": [{"name": "element", "value": "['name', 'name']"}], "start": 1727186195493, "stop": 1727186205770}], "start": 1727186195214, "stop": 1727186205771}], "parameters": [{"name": "driver", "value": "'chrome'"}], "start": 1727186195073, "stop": 1727186205774, "uuid": "ee3eb7f3-49b4-4bc6-a2ea-43d3f2bc3e65", "historyId": "ddbb72f6650b0763a97b447fbf08fbbf", "testCaseId": "98af9a1c866c1b1478e96f80a5f5e6b4", "fullName": "tests.test_lenta_orders.TestLenta#test_counter_all_orders_with_my_order", "labels": [{"name": "tag", "value": "@pytest.mark.usefixtures('driver')"}, {"name": "parentSuite", "value": "tests"}, {"name": "suite", "value": "test_lenta_orders"}, {"name": "subSuite", "value": "TestLenta"}, {"name": "host", "value": "MacBook-Pro-Ula.local"}, {"name": "thread", "value": "19368-MainThread"}, {"name": "framework", "value": "pytest"}, {"name": "language", "value": "cpython3"}, {"name": "package", "value": "tests.test_lenta_orders"}]}