{"name": "Тест перехода в раздел истории заказов", "status": "broken", "statusDetails": {"message": "selenium.common.exceptions.TimeoutException: Message: \nStacktrace:\n0   chromedriver                        0x00000001006abed4 cxxbridge1$str$ptr + 1906348\n1   chromedriver                        0x00000001006a4344 cxxbridge1$str$ptr + 1874716\n2   chromedriver                        0x00000001002b8264 cxxbridge1$string$len + 89492\n3   chromedriver                        0x00000001002fc514 cxxbridge1$string$len + 368708\n4   chromedriver                        0x00000001003367d4 cxxbridge1$string$len + 606980\n5   chromedriver                        0x00000001002f1134 cxxbridge1$string$len + 322660\n6   chromedriver                        0x00000001002f1d84 cxxbridge1$string$len + 325812\n7   chromedriver                        0x0000000100673f90 cxxbridge1$str$ptr + 1677160\n8   chromedriver                        0x00000001006788fc cxxbridge1$str$ptr + 1695956\n9   chromedriver                        0x00000001006594b8 cxxbridge1$str$ptr + 1567888\n10  chromedriver                        0x00000001006791cc cxxbridge1$str$ptr + 1698212\n11  chromedriver                        0x000000010064aa60 cxxbridge1$str$ptr + 1507896\n12  chromedriver                        0x0000000100695214 cxxbridge1$str$ptr + 1812972\n13  chromedriver                        0x000000010069536c cxxbridge1$str$ptr + 1813316\n14  chromedriver                        0x00000001006a3fe4 cxxbridge1$str$ptr + 1873852\n15  libsystem_pthread.dylib             0x000000018b8af2e4 _pthread_start + 136\n16  libsystem_pthread.dylib             0x000000018b8aa0fc thread_start + 8", "trace": "self = <tests.test_account.TestAccount object at 0x10294bb00>\n\n    @allure.title(\"Тест перехода в раздел истории заказов\")\n    @pytest.mark.usefixtures(\"driver\")\n    def test_button_history_orders(self):\n        self.driver.get(main_url)\n        client = PageAccount(self.driver)\n>       client.check_button_history_orders()\n\ntests/test_account.py:33: \n_ _ _ _ _ _ _ _ _ _ _ _ _ _ _ _ _ _ _ _ _ _ _ _ _ _ _ _ _ _ _ _ _ _ _ _ _ _ _ _ _ _ _ _ _ _ _ _ _ _ _ _ _ _ _ _ _ _ _ _ _ _ _ _ _ _ _ _ _ _ _ _ _ _ _ _ _ _ _ _ _ _ _ _ _ _ _ _ _ _ _\npages/page_account.py:42: in check_button_history_orders\n    self.wait(self.input_email)\npages/base_page.py:18: in wait\n    return WebDriverWait(self.driver, 10).until(EC.element_to_be_clickable(element))\n_ _ _ _ _ _ _ _ _ _ _ _ _ _ _ _ _ _ _ _ _ _ _ _ _ _ _ _ _ _ _ _ _ _ _ _ _ _ _ _ _ _ _ _ _ _ _ _ _ _ _ _ _ _ _ _ _ _ _ _ _ _ _ _ _ _ _ _ _ _ _ _ _ _ _ _ _ _ _ _ _ _ _ _ _ _ _ _ _ _ _\n\nself = <selenium.webdriver.support.wait.WebDriverWait (session=\"3aa8024d3af3509a7534e86cab7f0721\")>, method = <function element_to_be_clickable.<locals>._predicate at 0x1029ba840>\nmessage = ''\n\n    def until(self, method: Callable[[D], Union[Literal[False], T]], message: str = \"\") -> T:\n        \"\"\"Calls the method provided with the driver as an argument until the \\\n        return value does not evaluate to ``False``.\n    \n        :param method: callable(WebDriver)\n        :param message: optional message for :exc:`TimeoutException`\n        :returns: the result of the last call to `method`\n        :raises: :exc:`selenium.common.exceptions.TimeoutException` if timeout occurs\n        \"\"\"\n        screen = None\n        stacktrace = None\n    \n        end_time = time.monotonic() + self._timeout\n        while True:\n            try:\n                value = method(self._driver)\n                if value:\n                    return value\n            except self._ignored_exceptions as exc:\n                screen = getattr(exc, \"screen\", None)\n                stacktrace = getattr(exc, \"stacktrace\", None)\n            time.sleep(self._poll)\n            if time.monotonic() > end_time:\n                break\n>       raise TimeoutException(message, screen, stacktrace)\nE       selenium.common.exceptions.TimeoutException: Message: \nE       Stacktrace:\nE       0   chromedriver                        0x00000001006abed4 cxxbridge1$str$ptr + 1906348\nE       1   chromedriver                        0x00000001006a4344 cxxbridge1$str$ptr + 1874716\nE       2   chromedriver                        0x00000001002b8264 cxxbridge1$string$len + 89492\nE       3   chromedriver                        0x00000001002fc514 cxxbridge1$string$len + 368708\nE       4   chromedriver                        0x00000001003367d4 cxxbridge1$string$len + 606980\nE       5   chromedriver                        0x00000001002f1134 cxxbridge1$string$len + 322660\nE       6   chromedriver                        0x00000001002f1d84 cxxbridge1$string$len + 325812\nE       7   chromedriver                        0x0000000100673f90 cxxbridge1$str$ptr + 1677160\nE       8   chromedriver                        0x00000001006788fc cxxbridge1$str$ptr + 1695956\nE       9   chromedriver                        0x00000001006594b8 cxxbridge1$str$ptr + 1567888\nE       10  chromedriver                        0x00000001006791cc cxxbridge1$str$ptr + 1698212\nE       11  chromedriver                        0x000000010064aa60 cxxbridge1$str$ptr + 1507896\nE       12  chromedriver                        0x0000000100695214 cxxbridge1$str$ptr + 1812972\nE       13  chromedriver                        0x000000010069536c cxxbridge1$str$ptr + 1813316\nE       14  chromedriver                        0x00000001006a3fe4 cxxbridge1$str$ptr + 1873852\nE       15  libsystem_pthread.dylib             0x000000018b8af2e4 _pthread_start + 136\nE       16  libsystem_pthread.dylib             0x000000018b8aa0fc thread_start + 8\n\nvenv/lib/python3.12/site-packages/selenium/webdriver/support/wait.py:105: TimeoutException"}, "steps": [{"name": "Проверка кнопки истории заказов", "status": "broken", "statusDetails": {"message": "selenium.common.exceptions.TimeoutException: Message: \nStacktrace:\n0   chromedriver                        0x00000001006abed4 cxxbridge1$str$ptr + 1906348\n1   chromedriver                        0x00000001006a4344 cxxbridge1$str$ptr + 1874716\n2   chromedriver                        0x00000001002b8264 cxxbridge1$string$len + 89492\n3   chromedriver                        0x00000001002fc514 cxxbridge1$string$len + 368708\n4   chromedriver                        0x00000001003367d4 cxxbridge1$string$len + 606980\n5   chromedriver                        0x00000001002f1134 cxxbridge1$string$len + 322660\n6   chromedriver                        0x00000001002f1d84 cxxbridge1$string$len + 325812\n7   chromedriver                        0x0000000100673f90 cxxbridge1$str$ptr + 1677160\n8   chromedriver                        0x00000001006788fc cxxbridge1$str$ptr + 1695956\n9   chromedriver                        0x00000001006594b8 cxxbridge1$str$ptr + 1567888\n10  chromedriver                        0x00000001006791cc cxxbridge1$str$ptr + 1698212\n11  chromedriver                        0x000000010064aa60 cxxbridge1$str$ptr + 1507896\n12  chromedriver                        0x0000000100695214 cxxbridge1$str$ptr + 1812972\n13  chromedriver                        0x000000010069536c cxxbridge1$str$ptr + 1813316\n14  chromedriver                        0x00000001006a3fe4 cxxbridge1$str$ptr + 1873852\n15  libsystem_pthread.dylib             0x000000018b8af2e4 _pthread_start + 136\n16  libsystem_pthread.dylib             0x000000018b8aa0fc thread_start + 8\n\n", "trace": "  File \"/Users/ulabualskaa/Documents/GitHub/Diplom_3/venv/lib/python3.12/site-packages/allure_commons/_allure.py\", line 192, in impl\n    return func(*a, **kw)\n           ^^^^^^^^^^^^^^\n  File \"/Users/ulabualskaa/Documents/GitHub/Diplom_3/pages/page_account.py\", line 42, in check_button_history_orders\n    self.wait(self.input_email)\n  File \"/Users/ulabualskaa/Documents/GitHub/Diplom_3/venv/lib/python3.12/site-packages/allure_commons/_allure.py\", line 192, in impl\n    return func(*a, **kw)\n           ^^^^^^^^^^^^^^\n  File \"/Users/ulabualskaa/Documents/GitHub/Diplom_3/pages/base_page.py\", line 18, in wait\n    return WebDriverWait(self.driver, 10).until(EC.element_to_be_clickable(element))\n           ^^^^^^^^^^^^^^^^^^^^^^^^^^^^^^^^^^^^^^^^^^^^^^^^^^^^^^^^^^^^^^^^^^^^^^^^^\n  File \"/Users/ulabualskaa/Documents/GitHub/Diplom_3/venv/lib/python3.12/site-packages/selenium/webdriver/support/wait.py\", line 105, in until\n    raise TimeoutException(message, screen, stacktrace)\n"}, "steps": [{"name": "Принудительный клик ['css selector', 'a.AppHeader_header__link__3D_hX:nth-child(3) > p:nth-child(2)']", "status": "passed", "parameters": [{"name": "element", "value": "['css selector', 'a.AppHeader_header__link__3D_hX:nth-child(3) > p:nth-child(2)']"}], "start": 1727186138072, "stop": 1727186138557}, {"name": "Ожидание кликабельности ['name', 'name']", "status": "broken", "statusDetails": {"message": "selenium.common.exceptions.TimeoutException: Message: \nStacktrace:\n0   chromedriver                        0x00000001006abed4 cxxbridge1$str$ptr + 1906348\n1   chromedriver                        0x00000001006a4344 cxxbridge1$str$ptr + 1874716\n2   chromedriver                        0x00000001002b8264 cxxbridge1$string$len + 89492\n3   chromedriver                        0x00000001002fc514 cxxbridge1$string$len + 368708\n4   chromedriver                        0x00000001003367d4 cxxbridge1$string$len + 606980\n5   chromedriver                        0x00000001002f1134 cxxbridge1$string$len + 322660\n6   chromedriver                        0x00000001002f1d84 cxxbridge1$string$len + 325812\n7   chromedriver                        0x0000000100673f90 cxxbridge1$str$ptr + 1677160\n8   chromedriver                        0x00000001006788fc cxxbridge1$str$ptr + 1695956\n9   chromedriver                        0x00000001006594b8 cxxbridge1$str$ptr + 1567888\n10  chromedriver                        0x00000001006791cc cxxbridge1$str$ptr + 1698212\n11  chromedriver                        0x000000010064aa60 cxxbridge1$str$ptr + 1507896\n12  chromedriver                        0x0000000100695214 cxxbridge1$str$ptr + 1812972\n13  chromedriver                        0x000000010069536c cxxbridge1$str$ptr + 1813316\n14  chromedriver                        0x00000001006a3fe4 cxxbridge1$str$ptr + 1873852\n15  libsystem_pthread.dylib             0x000000018b8af2e4 _pthread_start + 136\n16  libsystem_pthread.dylib             0x000000018b8aa0fc thread_start + 8\n\n", "trace": "  File \"/Users/ulabualskaa/Documents/GitHub/Diplom_3/venv/lib/python3.12/site-packages/allure_commons/_allure.py\", line 192, in impl\n    return func(*a, **kw)\n           ^^^^^^^^^^^^^^\n  File \"/Users/ulabualskaa/Documents/GitHub/Diplom_3/pages/base_page.py\", line 18, in wait\n    return WebDriverWait(self.driver, 10).until(EC.element_to_be_clickable(element))\n           ^^^^^^^^^^^^^^^^^^^^^^^^^^^^^^^^^^^^^^^^^^^^^^^^^^^^^^^^^^^^^^^^^^^^^^^^^\n  File \"/Users/ulabualskaa/Documents/GitHub/Diplom_3/venv/lib/python3.12/site-packages/selenium/webdriver/support/wait.py\", line 105, in until\n    raise TimeoutException(message, screen, stacktrace)\n"}, "parameters": [{"name": "element", "value": "['name', 'name']"}], "start": 1727186138557, "stop": 1727186149055}], "start": 1727186138072, "stop": 1727186149057}], "parameters": [{"name": "driver", "value": "'chrome'"}], "start": 1727186137705, "stop": 1727186149058, "uuid": "90bf60ee-1ce3-4328-ad8d-181042c3fd5a", "historyId": "246f0c64558b84be74780e21b19e8068", "testCaseId": "2da7c59798ae41d7b9598e007ac5650b", "fullName": "tests.test_account.TestAccount#test_button_history_orders", "labels": [{"name": "tag", "value": "@pytest.mark.usefixtures('driver')"}, {"name": "parentSuite", "value": "tests"}, {"name": "suite", "value": "test_account"}, {"name": "subSuite", "value": "TestAccount"}, {"name": "host", "value": "MacBook-Pro-Ula.local"}, {"name": "thread", "value": "19368-MainThread"}, {"name": "framework", "value": "pytest"}, {"name": "language", "value": "cpython3"}, {"name": "package", "value": "tests.test_account"}]}