{"name": "Тест перехода в раздел истории заказов", "status": "broken", "statusDetails": {"message": "selenium.common.exceptions.TimeoutException: Message: \nStacktrace:\n0   chromedriver                        0x00000001053bd208 cxxbridge1$str$ptr + 1927396\n1   chromedriver                        0x00000001053b566c cxxbridge1$str$ptr + 1895752\n2   chromedriver                        0x0000000104fb0808 cxxbridge1$string$len + 89564\n3   chromedriver                        0x0000000104ff4bcc cxxbridge1$string$len + 369056\n4   chromedriver                        0x000000010502e228 cxxbridge1$string$len + 604156\n5   chromedriver                        0x0000000104fe9698 cxxbridge1$string$len + 322668\n6   chromedriver                        0x0000000104fea310 cxxbridge1$string$len + 325860\n7   chromedriver                        0x0000000105383e78 cxxbridge1$str$ptr + 1693012\n8   chromedriver                        0x000000010538877c cxxbridge1$str$ptr + 1711704\n9   chromedriver                        0x00000001053693ec cxxbridge1$str$ptr + 1583816\n10  chromedriver                        0x000000010538904c cxxbridge1$str$ptr + 1713960\n11  chromedriver                        0x0000000105359fc8 cxxbridge1$str$ptr + 1521316\n12  chromedriver                        0x00000001053a6b68 cxxbridge1$str$ptr + 1835588\n13  chromedriver                        0x00000001053a6ce4 cxxbridge1$str$ptr + 1835968\n14  chromedriver                        0x00000001053b5308 cxxbridge1$str$ptr + 1894884\n15  libsystem_pthread.dylib             0x000000018b8af2e4 _pthread_start + 136\n16  libsystem_pthread.dylib             0x000000018b8aa0fc thread_start + 8", "trace": "self = <tests.test_account.TestAccount object at 0x10426b080>\n\n    @allure.title(\"Тест перехода в раздел истории заказов\")\n    @pytest.mark.usefixtures(\"driver\")\n    def test_button_history_orders(self):\n        self.driver.get(main_url)\n        client = PageAccount(self.driver)\n>       client.check_button_history_orders()\n\ntests/test_account.py:33: \n_ _ _ _ _ _ _ _ _ _ _ _ _ _ _ _ _ _ _ _ _ _ _ _ _ _ _ _ _ _ _ _ _ _ _ _ _ _ _ _ _ _ _ _ _ _ _ _ _ _ _ _ _ _ _ _ _ _ _ _ _ _ _ _ _ _ _ _ _ _ _ _ _ _ _ _ _ _ _ _ _ _ _ _ _ _ _ _ _ _ _\npages/page_account.py:39: in check_button_history_orders\n    self.wait(self.input_email)\npages/base_page.py:18: in wait\n    return WebDriverWait(self.driver, 10).until(EC.element_to_be_clickable(element))\n_ _ _ _ _ _ _ _ _ _ _ _ _ _ _ _ _ _ _ _ _ _ _ _ _ _ _ _ _ _ _ _ _ _ _ _ _ _ _ _ _ _ _ _ _ _ _ _ _ _ _ _ _ _ _ _ _ _ _ _ _ _ _ _ _ _ _ _ _ _ _ _ _ _ _ _ _ _ _ _ _ _ _ _ _ _ _ _ _ _ _\n\nself = <selenium.webdriver.support.wait.WebDriverWait (session=\"b62f0bb2acdadf00d8cd2f0c7fa08ae5\")>, method = <function element_to_be_clickable.<locals>._predicate at 0x1042c74c0>\nmessage = ''\n\n    def until(self, method: Callable[[D], Union[Literal[False], T]], message: str = \"\") -> T:\n        \"\"\"Calls the method provided with the driver as an argument until the \\\n        return value does not evaluate to ``False``.\n    \n        :param method: callable(WebDriver)\n        :param message: optional message for :exc:`TimeoutException`\n        :returns: the result of the last call to `method`\n        :raises: :exc:`selenium.common.exceptions.TimeoutException` if timeout occurs\n        \"\"\"\n        screen = None\n        stacktrace = None\n    \n        end_time = time.monotonic() + self._timeout\n        while True:\n            try:\n                value = method(self._driver)\n                if value:\n                    return value\n            except self._ignored_exceptions as exc:\n                screen = getattr(exc, \"screen\", None)\n                stacktrace = getattr(exc, \"stacktrace\", None)\n            time.sleep(self._poll)\n            if time.monotonic() > end_time:\n                break\n>       raise TimeoutException(message, screen, stacktrace)\nE       selenium.common.exceptions.TimeoutException: Message: \nE       Stacktrace:\nE       0   chromedriver                        0x00000001053bd208 cxxbridge1$str$ptr + 1927396\nE       1   chromedriver                        0x00000001053b566c cxxbridge1$str$ptr + 1895752\nE       2   chromedriver                        0x0000000104fb0808 cxxbridge1$string$len + 89564\nE       3   chromedriver                        0x0000000104ff4bcc cxxbridge1$string$len + 369056\nE       4   chromedriver                        0x000000010502e228 cxxbridge1$string$len + 604156\nE       5   chromedriver                        0x0000000104fe9698 cxxbridge1$string$len + 322668\nE       6   chromedriver                        0x0000000104fea310 cxxbridge1$string$len + 325860\nE       7   chromedriver                        0x0000000105383e78 cxxbridge1$str$ptr + 1693012\nE       8   chromedriver                        0x000000010538877c cxxbridge1$str$ptr + 1711704\nE       9   chromedriver                        0x00000001053693ec cxxbridge1$str$ptr + 1583816\nE       10  chromedriver                        0x000000010538904c cxxbridge1$str$ptr + 1713960\nE       11  chromedriver                        0x0000000105359fc8 cxxbridge1$str$ptr + 1521316\nE       12  chromedriver                        0x00000001053a6b68 cxxbridge1$str$ptr + 1835588\nE       13  chromedriver                        0x00000001053a6ce4 cxxbridge1$str$ptr + 1835968\nE       14  chromedriver                        0x00000001053b5308 cxxbridge1$str$ptr + 1894884\nE       15  libsystem_pthread.dylib             0x000000018b8af2e4 _pthread_start + 136\nE       16  libsystem_pthread.dylib             0x000000018b8aa0fc thread_start + 8\n\nvenv/lib/python3.12/site-packages/selenium/webdriver/support/wait.py:105: TimeoutException"}, "steps": [{"name": "Проверка кнопки истории заказов", "status": "broken", "statusDetails": {"message": "selenium.common.exceptions.TimeoutException: Message: \nStacktrace:\n0   chromedriver                        0x00000001053bd208 cxxbridge1$str$ptr + 1927396\n1   chromedriver                        0x00000001053b566c cxxbridge1$str$ptr + 1895752\n2   chromedriver                        0x0000000104fb0808 cxxbridge1$string$len + 89564\n3   chromedriver                        0x0000000104ff4bcc cxxbridge1$string$len + 369056\n4   chromedriver                        0x000000010502e228 cxxbridge1$string$len + 604156\n5   chromedriver                        0x0000000104fe9698 cxxbridge1$string$len + 322668\n6   chromedriver                        0x0000000104fea310 cxxbridge1$string$len + 325860\n7   chromedriver                        0x0000000105383e78 cxxbridge1$str$ptr + 1693012\n8   chromedriver                        0x000000010538877c cxxbridge1$str$ptr + 1711704\n9   chromedriver                        0x00000001053693ec cxxbridge1$str$ptr + 1583816\n10  chromedriver                        0x000000010538904c cxxbridge1$str$ptr + 1713960\n11  chromedriver                        0x0000000105359fc8 cxxbridge1$str$ptr + 1521316\n12  chromedriver                        0x00000001053a6b68 cxxbridge1$str$ptr + 1835588\n13  chromedriver                        0x00000001053a6ce4 cxxbridge1$str$ptr + 1835968\n14  chromedriver                        0x00000001053b5308 cxxbridge1$str$ptr + 1894884\n15  libsystem_pthread.dylib             0x000000018b8af2e4 _pthread_start + 136\n16  libsystem_pthread.dylib             0x000000018b8aa0fc thread_start + 8\n\n", "trace": "  File \"/Users/ulabualskaa/Documents/GitHub/Diplom_3/venv/lib/python3.12/site-packages/allure_commons/_allure.py\", line 192, in impl\n    return func(*a, **kw)\n           ^^^^^^^^^^^^^^\n  File \"/Users/ulabualskaa/Documents/GitHub/Diplom_3/pages/page_account.py\", line 39, in check_button_history_orders\n    self.wait(self.input_email)\n  File \"/Users/ulabualskaa/Documents/GitHub/Diplom_3/pages/base_page.py\", line 18, in wait\n    return WebDriverWait(self.driver, 10).until(EC.element_to_be_clickable(element))\n           ^^^^^^^^^^^^^^^^^^^^^^^^^^^^^^^^^^^^^^^^^^^^^^^^^^^^^^^^^^^^^^^^^^^^^^^^^\n  File \"/Users/ulabualskaa/Documents/GitHub/Diplom_3/venv/lib/python3.12/site-packages/selenium/webdriver/support/wait.py\", line 105, in until\n    raise TimeoutException(message, screen, stacktrace)\n"}, "start": 1727003163083, "stop": 1727003173639}], "parameters": [{"name": "driver", "value": "'chrome'"}], "start": 1727003162899, "stop": 1727003173640, "uuid": "0ea5e81a-fe1b-4978-80ba-c60aeaecfd86", "historyId": "246f0c64558b84be74780e21b19e8068", "testCaseId": "2da7c59798ae41d7b9598e007ac5650b", "fullName": "tests.test_account.TestAccount#test_button_history_orders", "labels": [{"name": "tag", "value": "@pytest.mark.usefixtures('driver')"}, {"name": "parentSuite", "value": "tests"}, {"name": "suite", "value": "test_account"}, {"name": "subSuite", "value": "TestAccount"}, {"name": "host", "value": "MacBook-Pro-Ula.local"}, {"name": "thread", "value": "7424-MainThread"}, {"name": "framework", "value": "pytest"}, {"name": "language", "value": "cpython3"}, {"name": "package", "value": "tests.test_account"}]}