{"name": "Проверка кнопки конструктора", "status": "broken", "statusDetails": {"message": "selenium.common.exceptions.TimeoutException: Message:", "trace": "self = <tests.test_main_functions.TestMainFunctions object at 0x10294d490>\n\n    @allure.title(\"Проверка кнопки конструктора\")\n    @pytest.mark.usefixtures(\"driver\")\n    def test_button_construction(self):\n        self.driver.get(lenta_url)\n        client = MainPage(self.driver)\n>       client.check_button_constructor()\n\ntests/test_main_functions.py:20: \n_ _ _ _ _ _ _ _ _ _ _ _ _ _ _ _ _ _ _ _ _ _ _ _ _ _ _ _ _ _ _ _ _ _ _ _ _ _ _ _ _ _ _ _ _ _ _ _ _ _ _ _ _ _ _ _ _ _ _ _ _ _ _ _ _ _ _ _ _ _ _ _ _ _ _ _ _ _ _ _ _ _ _ _ _ _ _ _ _ _ _\npages/main_page.py:33: in check_button_constructor\n    self.wait_url_change(main_url)\npages/base_page.py:30: in wait_url_change\n    return WebDriverWait(self.driver, 10).until(EC.url_to_be(url))\n_ _ _ _ _ _ _ _ _ _ _ _ _ _ _ _ _ _ _ _ _ _ _ _ _ _ _ _ _ _ _ _ _ _ _ _ _ _ _ _ _ _ _ _ _ _ _ _ _ _ _ _ _ _ _ _ _ _ _ _ _ _ _ _ _ _ _ _ _ _ _ _ _ _ _ _ _ _ _ _ _ _ _ _ _ _ _ _ _ _ _\n\nself = <selenium.webdriver.support.wait.WebDriverWait (session=\"7524f67b09d59c3a49597893c5188e5a\")>, method = <function url_to_be.<locals>._predicate at 0x102a15f80>, message = ''\n\n    def until(self, method: Callable[[D], Union[Literal[False], T]], message: str = \"\") -> T:\n        \"\"\"Calls the method provided with the driver as an argument until the \\\n        return value does not evaluate to ``False``.\n    \n        :param method: callable(WebDriver)\n        :param message: optional message for :exc:`TimeoutException`\n        :returns: the result of the last call to `method`\n        :raises: :exc:`selenium.common.exceptions.TimeoutException` if timeout occurs\n        \"\"\"\n        screen = None\n        stacktrace = None\n    \n        end_time = time.monotonic() + self._timeout\n        while True:\n            try:\n                value = method(self._driver)\n                if value:\n                    return value\n            except self._ignored_exceptions as exc:\n                screen = getattr(exc, \"screen\", None)\n                stacktrace = getattr(exc, \"stacktrace\", None)\n            time.sleep(self._poll)\n            if time.monotonic() > end_time:\n                break\n>       raise TimeoutException(message, screen, stacktrace)\nE       selenium.common.exceptions.TimeoutException: Message:\n\nvenv/lib/python3.12/site-packages/selenium/webdriver/support/wait.py:105: TimeoutException"}, "steps": [{"name": "Проверка кнопки конструктор", "status": "broken", "statusDetails": {"message": "selenium.common.exceptions.TimeoutException: Message: \n\n", "trace": "  File \"/Users/ulabualskaa/Documents/GitHub/Diplom_3/venv/lib/python3.12/site-packages/allure_commons/_allure.py\", line 192, in impl\n    return func(*a, **kw)\n           ^^^^^^^^^^^^^^\n  File \"/Users/ulabualskaa/Documents/GitHub/Diplom_3/pages/main_page.py\", line 33, in check_button_constructor\n    self.wait_url_change(main_url)\n  File \"/Users/ulabualskaa/Documents/GitHub/Diplom_3/venv/lib/python3.12/site-packages/allure_commons/_allure.py\", line 192, in impl\n    return func(*a, **kw)\n           ^^^^^^^^^^^^^^\n  File \"/Users/ulabualskaa/Documents/GitHub/Diplom_3/pages/base_page.py\", line 30, in wait_url_change\n    return WebDriverWait(self.driver, 10).until(EC.url_to_be(url))\n           ^^^^^^^^^^^^^^^^^^^^^^^^^^^^^^^^^^^^^^^^^^^^^^^^^^^^^^^\n  File \"/Users/ulabualskaa/Documents/GitHub/Diplom_3/venv/lib/python3.12/site-packages/selenium/webdriver/support/wait.py\", line 105, in until\n    raise TimeoutException(message, screen, stacktrace)\n"}, "steps": [{"name": "Принудительный клик ['css selector', '.AppHeader_header__link_active__1IkJo > p:nth-child(2)']", "status": "passed", "parameters": [{"name": "element", "value": "['css selector', '.AppHeader_header__link_active__1IkJo > p:nth-child(2)']"}], "start": 1726779301018, "stop": 1726779301327}, {"name": "Ожидание смены урла на 'https://stellarburgers.nomoreparties.site/'", "status": "broken", "statusDetails": {"message": "selenium.common.exceptions.TimeoutException: Message: \n\n", "trace": "  File \"/Users/ulabualskaa/Documents/GitHub/Diplom_3/venv/lib/python3.12/site-packages/allure_commons/_allure.py\", line 192, in impl\n    return func(*a, **kw)\n           ^^^^^^^^^^^^^^\n  File \"/Users/ulabualskaa/Documents/GitHub/Diplom_3/pages/base_page.py\", line 30, in wait_url_change\n    return WebDriverWait(self.driver, 10).until(EC.url_to_be(url))\n           ^^^^^^^^^^^^^^^^^^^^^^^^^^^^^^^^^^^^^^^^^^^^^^^^^^^^^^^\n  File \"/Users/ulabualskaa/Documents/GitHub/Diplom_3/venv/lib/python3.12/site-packages/selenium/webdriver/support/wait.py\", line 105, in until\n    raise TimeoutException(message, screen, stacktrace)\n"}, "parameters": [{"name": "url", "value": "'https://stellarburgers.nomoreparties.site/'"}], "start": 1726779301327, "stop": 1726779311551}], "start": 1726779301018, "stop": 1726779311551}], "parameters": [{"name": "driver", "value": "'chrome'"}], "start": 1726779299711, "stop": 1726779311553, "uuid": "8002404b-c3d9-4bff-bfe7-86ee3cf19812", "historyId": "958c099ff81ac75cfae52e45f91471b5", "testCaseId": "921b70d037724034c19d981cc2b58132", "fullName": "tests.test_main_functions.TestMainFunctions#test_button_construction", "labels": [{"name": "tag", "value": "@pytest.mark.usefixtures('driver')"}, {"name": "parentSuite", "value": "tests"}, {"name": "suite", "value": "test_main_functions"}, {"name": "subSuite", "value": "TestMainFunctions"}, {"name": "host", "value": "MacBook-Pro-Ula.local"}, {"name": "thread", "value": "14340-MainThread"}, {"name": "framework", "value": "pytest"}, {"name": "language", "value": "cpython3"}, {"name": "package", "value": "tests.test_main_functions"}]}