{"name": "Тест ввода почты и нажатия на кнопку восстановить", "status": "broken", "statusDetails": {"message": "selenium.common.exceptions.TimeoutException: Message: \nStacktrace:\n0   chromedriver                        0x00000001030dd208 cxxbridge1$str$ptr + 1927396\n1   chromedriver                        0x00000001030d566c cxxbridge1$str$ptr + 1895752\n2   chromedriver                        0x0000000102cd0808 cxxbridge1$string$len + 89564\n3   chromedriver                        0x0000000102d14bcc cxxbridge1$string$len + 369056\n4   chromedriver                        0x0000000102d4e228 cxxbridge1$string$len + 604156\n5   chromedriver                        0x0000000102d09698 cxxbridge1$string$len + 322668\n6   chromedriver                        0x0000000102d0a310 cxxbridge1$string$len + 325860\n7   chromedriver                        0x00000001030a3e78 cxxbridge1$str$ptr + 1693012\n8   chromedriver                        0x00000001030a877c cxxbridge1$str$ptr + 1711704\n9   chromedriver                        0x00000001030893ec cxxbridge1$str$ptr + 1583816\n10  chromedriver                        0x00000001030a904c cxxbridge1$str$ptr + 1713960\n11  chromedriver                        0x0000000103079fc8 cxxbridge1$str$ptr + 1521316\n12  chromedriver                        0x00000001030c6b68 cxxbridge1$str$ptr + 1835588\n13  chromedriver                        0x00000001030c6ce4 cxxbridge1$str$ptr + 1835968\n14  chromedriver                        0x00000001030d5308 cxxbridge1$str$ptr + 1894884\n15  libsystem_pthread.dylib             0x000000018b8af2e4 _pthread_start + 136\n16  libsystem_pthread.dylib             0x000000018b8aa0fc thread_start + 8", "trace": "self = <tests.test_password_recovery.TestPasswordRecovery object at 0x10429ba10>\n\n    @allure.title(\"Тест ввода почты и нажатия на кнопку восстановить\")\n    @pytest.mark.usefixtures(\"driver\")\n    def test_is_active_input_password(self):\n        self.driver.get(main_url)\n        client = PagePasswordRecovery(self.driver)\n>       result = client.check_focused_input_password_recovery()\n\ntests/test_password_recovery.py:36: \n_ _ _ _ _ _ _ _ _ _ _ _ _ _ _ _ _ _ _ _ _ _ _ _ _ _ _ _ _ _ _ _ _ _ _ _ _ _ _ _ _ _ _ _ _ _ _ _ _ _ _ _ _ _ _ _ _ _ _ _ _ _ _ _ _ _ _ _ _ _ _ _ _ _ _ _ _ _ _ _ _ _ _ _ _ _ _ _ _ _ _\npages/page_password_recovery.py:42: in check_focused_input_password_recovery\n    self.click_virt_mouse(self.button_recovery_password)\npages/base_page.py:50: in click_virt_mouse\n    WebDriverWait(self.driver, 5).until(EC.element_to_be_clickable(element))\n_ _ _ _ _ _ _ _ _ _ _ _ _ _ _ _ _ _ _ _ _ _ _ _ _ _ _ _ _ _ _ _ _ _ _ _ _ _ _ _ _ _ _ _ _ _ _ _ _ _ _ _ _ _ _ _ _ _ _ _ _ _ _ _ _ _ _ _ _ _ _ _ _ _ _ _ _ _ _ _ _ _ _ _ _ _ _ _ _ _ _\n\nself = <selenium.webdriver.support.wait.WebDriverWait (session=\"162157086b986d3dfee1d224d660fd93\")>, method = <function element_to_be_clickable.<locals>._predicate at 0x104331b20>\nmessage = ''\n\n    def until(self, method: Callable[[D], Union[Literal[False], T]], message: str = \"\") -> T:\n        \"\"\"Calls the method provided with the driver as an argument until the \\\n        return value does not evaluate to ``False``.\n    \n        :param method: callable(WebDriver)\n        :param message: optional message for :exc:`TimeoutException`\n        :returns: the result of the last call to `method`\n        :raises: :exc:`selenium.common.exceptions.TimeoutException` if timeout occurs\n        \"\"\"\n        screen = None\n        stacktrace = None\n    \n        end_time = time.monotonic() + self._timeout\n        while True:\n            try:\n                value = method(self._driver)\n                if value:\n                    return value\n            except self._ignored_exceptions as exc:\n                screen = getattr(exc, \"screen\", None)\n                stacktrace = getattr(exc, \"stacktrace\", None)\n            time.sleep(self._poll)\n            if time.monotonic() > end_time:\n                break\n>       raise TimeoutException(message, screen, stacktrace)\nE       selenium.common.exceptions.TimeoutException: Message: \nE       Stacktrace:\nE       0   chromedriver                        0x00000001030dd208 cxxbridge1$str$ptr + 1927396\nE       1   chromedriver                        0x00000001030d566c cxxbridge1$str$ptr + 1895752\nE       2   chromedriver                        0x0000000102cd0808 cxxbridge1$string$len + 89564\nE       3   chromedriver                        0x0000000102d14bcc cxxbridge1$string$len + 369056\nE       4   chromedriver                        0x0000000102d4e228 cxxbridge1$string$len + 604156\nE       5   chromedriver                        0x0000000102d09698 cxxbridge1$string$len + 322668\nE       6   chromedriver                        0x0000000102d0a310 cxxbridge1$string$len + 325860\nE       7   chromedriver                        0x00000001030a3e78 cxxbridge1$str$ptr + 1693012\nE       8   chromedriver                        0x00000001030a877c cxxbridge1$str$ptr + 1711704\nE       9   chromedriver                        0x00000001030893ec cxxbridge1$str$ptr + 1583816\nE       10  chromedriver                        0x00000001030a904c cxxbridge1$str$ptr + 1713960\nE       11  chromedriver                        0x0000000103079fc8 cxxbridge1$str$ptr + 1521316\nE       12  chromedriver                        0x00000001030c6b68 cxxbridge1$str$ptr + 1835588\nE       13  chromedriver                        0x00000001030c6ce4 cxxbridge1$str$ptr + 1835968\nE       14  chromedriver                        0x00000001030d5308 cxxbridge1$str$ptr + 1894884\nE       15  libsystem_pthread.dylib             0x000000018b8af2e4 _pthread_start + 136\nE       16  libsystem_pthread.dylib             0x000000018b8aa0fc thread_start + 8\n\nvenv/lib/python3.12/site-packages/selenium/webdriver/support/wait.py:105: TimeoutException"}, "steps": [{"name": "Проверка активности поля ввода пароля", "status": "broken", "statusDetails": {"message": "selenium.common.exceptions.TimeoutException: Message: \nStacktrace:\n0   chromedriver                        0x00000001030dd208 cxxbridge1$str$ptr + 1927396\n1   chromedriver                        0x00000001030d566c cxxbridge1$str$ptr + 1895752\n2   chromedriver                        0x0000000102cd0808 cxxbridge1$string$len + 89564\n3   chromedriver                        0x0000000102d14bcc cxxbridge1$string$len + 369056\n4   chromedriver                        0x0000000102d4e228 cxxbridge1$string$len + 604156\n5   chromedriver                        0x0000000102d09698 cxxbridge1$string$len + 322668\n6   chromedriver                        0x0000000102d0a310 cxxbridge1$string$len + 325860\n7   chromedriver                        0x00000001030a3e78 cxxbridge1$str$ptr + 1693012\n8   chromedriver                        0x00000001030a877c cxxbridge1$str$ptr + 1711704\n9   chromedriver                        0x00000001030893ec cxxbridge1$str$ptr + 1583816\n10  chromedriver                        0x00000001030a904c cxxbridge1$str$ptr + 1713960\n11  chromedriver                        0x0000000103079fc8 cxxbridge1$str$ptr + 1521316\n12  chromedriver                        0x00000001030c6b68 cxxbridge1$str$ptr + 1835588\n13  chromedriver                        0x00000001030c6ce4 cxxbridge1$str$ptr + 1835968\n14  chromedriver                        0x00000001030d5308 cxxbridge1$str$ptr + 1894884\n15  libsystem_pthread.dylib             0x000000018b8af2e4 _pthread_start + 136\n16  libsystem_pthread.dylib             0x000000018b8aa0fc thread_start + 8\n\n", "trace": "  File \"/Users/ulabualskaa/Documents/GitHub/Diplom_3/venv/lib/python3.12/site-packages/allure_commons/_allure.py\", line 192, in impl\n    return func(*a, **kw)\n           ^^^^^^^^^^^^^^\n  File \"/Users/ulabualskaa/Documents/GitHub/Diplom_3/pages/page_password_recovery.py\", line 42, in check_focused_input_password_recovery\n    self.click_virt_mouse(self.button_recovery_password)\n  File \"/Users/ulabualskaa/Documents/GitHub/Diplom_3/pages/base_page.py\", line 50, in click_virt_mouse\n    WebDriverWait(self.driver, 5).until(EC.element_to_be_clickable(element))\n  File \"/Users/ulabualskaa/Documents/GitHub/Diplom_3/venv/lib/python3.12/site-packages/selenium/webdriver/support/wait.py\", line 105, in until\n    raise TimeoutException(message, screen, stacktrace)\n"}, "start": 1727003404076, "stop": 1727003409471}], "parameters": [{"name": "driver", "value": "'chrome'"}], "start": 1727003403942, "stop": 1727003409472, "uuid": "63e74636-104b-474d-93c7-c162f8a287d1", "historyId": "f69bb810e800761771aa00dfc19b1b05", "testCaseId": "4da1eb2b32829e2f56e9884ea034844b", "fullName": "tests.test_password_recovery.TestPasswordRecovery#test_is_active_input_password", "labels": [{"name": "tag", "value": "@pytest.mark.usefixtures('driver')"}, {"name": "parentSuite", "value": "tests"}, {"name": "suite", "value": "test_password_recovery"}, {"name": "subSuite", "value": "TestPasswordRecovery"}, {"name": "host", "value": "MacBook-Pro-Ula.local"}, {"name": "thread", "value": "7424-MainThread"}, {"name": "framework", "value": "pytest"}, {"name": "language", "value": "cpython3"}, {"name": "package", "value": "tests.test_password_recovery"}]}