{"name": "Тест выхода из аккаунта", "status": "broken", "statusDetails": {"message": "selenium.common.exceptions.TimeoutException: Message: \nStacktrace:\n0   chromedriver                        0x00000001024c7ed4 cxxbridge1$str$ptr + 1906348\n1   chromedriver                        0x00000001024c0344 cxxbridge1$str$ptr + 1874716\n2   chromedriver                        0x00000001020d4264 cxxbridge1$string$len + 89492\n3   chromedriver                        0x0000000102118514 cxxbridge1$string$len + 368708\n4   chromedriver                        0x00000001021527d4 cxxbridge1$string$len + 606980\n5   chromedriver                        0x000000010210d134 cxxbridge1$string$len + 322660\n6   chromedriver                        0x000000010210dd84 cxxbridge1$string$len + 325812\n7   chromedriver                        0x000000010248ff90 cxxbridge1$str$ptr + 1677160\n8   chromedriver                        0x00000001024948fc cxxbridge1$str$ptr + 1695956\n9   chromedriver                        0x00000001024754b8 cxxbridge1$str$ptr + 1567888\n10  chromedriver                        0x00000001024951cc cxxbridge1$str$ptr + 1698212\n11  chromedriver                        0x0000000102466a60 cxxbridge1$str$ptr + 1507896\n12  chromedriver                        0x00000001024b1214 cxxbridge1$str$ptr + 1812972\n13  chromedriver                        0x00000001024b136c cxxbridge1$str$ptr + 1813316\n14  chromedriver                        0x00000001024bffe4 cxxbridge1$str$ptr + 1873852\n15  libsystem_pthread.dylib             0x000000018b8af2e4 _pthread_start + 136\n16  libsystem_pthread.dylib             0x000000018b8aa0fc thread_start + 8", "trace": "self = <tests.test_account.TestAccount object at 0x102237c50>\n\n    @allure.title(\"Тест выхода из аккаунта\")\n    @pytest.mark.usefixtures(\"driver\")\n    def test_sign_out(self):\n        self.driver.get(main_url)\n        client = PageAccount(self.driver)\n>       client.check_button_sign_out()\n\ntests/test_account.py:43: \n_ _ _ _ _ _ _ _ _ _ _ _ _ _ _ _ _ _ _ _ _ _ _ _ _ _ _ _ _ _ _ _ _ _ _ _ _ _ _ _ _ _ _ _ _ _ _ _ _ _ _ _ _ _ _ _ _ _ _ _ _ _ _ _ _ _ _ _ _ _ _ _ _ _ _ _ _ _ _ _ _ _ _ _ _ _ _ _ _ _ _\npages/page_account.py:67: in check_button_sign_out\n    self.wait(self.input_email)\npages/base_page.py:18: in wait\n    return WebDriverWait(self.driver, 10).until(EC.element_to_be_clickable(element))\n_ _ _ _ _ _ _ _ _ _ _ _ _ _ _ _ _ _ _ _ _ _ _ _ _ _ _ _ _ _ _ _ _ _ _ _ _ _ _ _ _ _ _ _ _ _ _ _ _ _ _ _ _ _ _ _ _ _ _ _ _ _ _ _ _ _ _ _ _ _ _ _ _ _ _ _ _ _ _ _ _ _ _ _ _ _ _ _ _ _ _\n\nself = <selenium.webdriver.support.wait.WebDriverWait (session=\"b86db219b9a06c74a203782329ee7204\")>, method = <function element_to_be_clickable.<locals>._predicate at 0x1022be8e0>\nmessage = ''\n\n    def until(self, method: Callable[[D], Union[Literal[False], T]], message: str = \"\") -> T:\n        \"\"\"Calls the method provided with the driver as an argument until the \\\n        return value does not evaluate to ``False``.\n    \n        :param method: callable(WebDriver)\n        :param message: optional message for :exc:`TimeoutException`\n        :returns: the result of the last call to `method`\n        :raises: :exc:`selenium.common.exceptions.TimeoutException` if timeout occurs\n        \"\"\"\n        screen = None\n        stacktrace = None\n    \n        end_time = time.monotonic() + self._timeout\n        while True:\n            try:\n                value = method(self._driver)\n                if value:\n                    return value\n            except self._ignored_exceptions as exc:\n                screen = getattr(exc, \"screen\", None)\n                stacktrace = getattr(exc, \"stacktrace\", None)\n            time.sleep(self._poll)\n            if time.monotonic() > end_time:\n                break\n>       raise TimeoutException(message, screen, stacktrace)\nE       selenium.common.exceptions.TimeoutException: Message: \nE       Stacktrace:\nE       0   chromedriver                        0x00000001024c7ed4 cxxbridge1$str$ptr + 1906348\nE       1   chromedriver                        0x00000001024c0344 cxxbridge1$str$ptr + 1874716\nE       2   chromedriver                        0x00000001020d4264 cxxbridge1$string$len + 89492\nE       3   chromedriver                        0x0000000102118514 cxxbridge1$string$len + 368708\nE       4   chromedriver                        0x00000001021527d4 cxxbridge1$string$len + 606980\nE       5   chromedriver                        0x000000010210d134 cxxbridge1$string$len + 322660\nE       6   chromedriver                        0x000000010210dd84 cxxbridge1$string$len + 325812\nE       7   chromedriver                        0x000000010248ff90 cxxbridge1$str$ptr + 1677160\nE       8   chromedriver                        0x00000001024948fc cxxbridge1$str$ptr + 1695956\nE       9   chromedriver                        0x00000001024754b8 cxxbridge1$str$ptr + 1567888\nE       10  chromedriver                        0x00000001024951cc cxxbridge1$str$ptr + 1698212\nE       11  chromedriver                        0x0000000102466a60 cxxbridge1$str$ptr + 1507896\nE       12  chromedriver                        0x00000001024b1214 cxxbridge1$str$ptr + 1812972\nE       13  chromedriver                        0x00000001024b136c cxxbridge1$str$ptr + 1813316\nE       14  chromedriver                        0x00000001024bffe4 cxxbridge1$str$ptr + 1873852\nE       15  libsystem_pthread.dylib             0x000000018b8af2e4 _pthread_start + 136\nE       16  libsystem_pthread.dylib             0x000000018b8aa0fc thread_start + 8\n\nvenv/lib/python3.12/site-packages/selenium/webdriver/support/wait.py:105: TimeoutException"}, "steps": [{"name": "Проверка выхода из аккаунта", "status": "broken", "statusDetails": {"message": "selenium.common.exceptions.TimeoutException: Message: \nStacktrace:\n0   chromedriver                        0x00000001024c7ed4 cxxbridge1$str$ptr + 1906348\n1   chromedriver                        0x00000001024c0344 cxxbridge1$str$ptr + 1874716\n2   chromedriver                        0x00000001020d4264 cxxbridge1$string$len + 89492\n3   chromedriver                        0x0000000102118514 cxxbridge1$string$len + 368708\n4   chromedriver                        0x00000001021527d4 cxxbridge1$string$len + 606980\n5   chromedriver                        0x000000010210d134 cxxbridge1$string$len + 322660\n6   chromedriver                        0x000000010210dd84 cxxbridge1$string$len + 325812\n7   chromedriver                        0x000000010248ff90 cxxbridge1$str$ptr + 1677160\n8   chromedriver                        0x00000001024948fc cxxbridge1$str$ptr + 1695956\n9   chromedriver                        0x00000001024754b8 cxxbridge1$str$ptr + 1567888\n10  chromedriver                        0x00000001024951cc cxxbridge1$str$ptr + 1698212\n11  chromedriver                        0x0000000102466a60 cxxbridge1$str$ptr + 1507896\n12  chromedriver                        0x00000001024b1214 cxxbridge1$str$ptr + 1812972\n13  chromedriver                        0x00000001024b136c cxxbridge1$str$ptr + 1813316\n14  chromedriver                        0x00000001024bffe4 cxxbridge1$str$ptr + 1873852\n15  libsystem_pthread.dylib             0x000000018b8af2e4 _pthread_start + 136\n16  libsystem_pthread.dylib             0x000000018b8aa0fc thread_start + 8\n\n", "trace": "  File \"/Users/ulabualskaa/Documents/GitHub/Diplom_3/venv/lib/python3.12/site-packages/allure_commons/_allure.py\", line 192, in impl\n    return func(*a, **kw)\n           ^^^^^^^^^^^^^^\n  File \"/Users/ulabualskaa/Documents/GitHub/Diplom_3/pages/page_account.py\", line 67, in check_button_sign_out\n    self.wait(self.input_email)\n  File \"/Users/ulabualskaa/Documents/GitHub/Diplom_3/venv/lib/python3.12/site-packages/allure_commons/_allure.py\", line 192, in impl\n    return func(*a, **kw)\n           ^^^^^^^^^^^^^^\n  File \"/Users/ulabualskaa/Documents/GitHub/Diplom_3/pages/base_page.py\", line 18, in wait\n    return WebDriverWait(self.driver, 10).until(EC.element_to_be_clickable(element))\n           ^^^^^^^^^^^^^^^^^^^^^^^^^^^^^^^^^^^^^^^^^^^^^^^^^^^^^^^^^^^^^^^^^^^^^^^^^\n  File \"/Users/ulabualskaa/Documents/GitHub/Diplom_3/venv/lib/python3.12/site-packages/selenium/webdriver/support/wait.py\", line 105, in until\n    raise TimeoutException(message, screen, stacktrace)\n"}, "steps": [{"name": "Принудительный клик ['css selector', 'a.AppHeader_header__link__3D_hX:nth-child(3) > p:nth-child(2)']", "status": "passed", "parameters": [{"name": "element", "value": "['css selector', 'a.AppHeader_header__link__3D_hX:nth-child(3) > p:nth-child(2)']"}], "start": 1727186589723, "stop": 1727186590002}, {"name": "Ожидание кликабельности ['name', 'name']", "status": "broken", "statusDetails": {"message": "selenium.common.exceptions.TimeoutException: Message: \nStacktrace:\n0   chromedriver                        0x00000001024c7ed4 cxxbridge1$str$ptr + 1906348\n1   chromedriver                        0x00000001024c0344 cxxbridge1$str$ptr + 1874716\n2   chromedriver                        0x00000001020d4264 cxxbridge1$string$len + 89492\n3   chromedriver                        0x0000000102118514 cxxbridge1$string$len + 368708\n4   chromedriver                        0x00000001021527d4 cxxbridge1$string$len + 606980\n5   chromedriver                        0x000000010210d134 cxxbridge1$string$len + 322660\n6   chromedriver                        0x000000010210dd84 cxxbridge1$string$len + 325812\n7   chromedriver                        0x000000010248ff90 cxxbridge1$str$ptr + 1677160\n8   chromedriver                        0x00000001024948fc cxxbridge1$str$ptr + 1695956\n9   chromedriver                        0x00000001024754b8 cxxbridge1$str$ptr + 1567888\n10  chromedriver                        0x00000001024951cc cxxbridge1$str$ptr + 1698212\n11  chromedriver                        0x0000000102466a60 cxxbridge1$str$ptr + 1507896\n12  chromedriver                        0x00000001024b1214 cxxbridge1$str$ptr + 1812972\n13  chromedriver                        0x00000001024b136c cxxbridge1$str$ptr + 1813316\n14  chromedriver                        0x00000001024bffe4 cxxbridge1$str$ptr + 1873852\n15  libsystem_pthread.dylib             0x000000018b8af2e4 _pthread_start + 136\n16  libsystem_pthread.dylib             0x000000018b8aa0fc thread_start + 8\n\n", "trace": "  File \"/Users/ulabualskaa/Documents/GitHub/Diplom_3/venv/lib/python3.12/site-packages/allure_commons/_allure.py\", line 192, in impl\n    return func(*a, **kw)\n           ^^^^^^^^^^^^^^\n  File \"/Users/ulabualskaa/Documents/GitHub/Diplom_3/pages/base_page.py\", line 18, in wait\n    return WebDriverWait(self.driver, 10).until(EC.element_to_be_clickable(element))\n           ^^^^^^^^^^^^^^^^^^^^^^^^^^^^^^^^^^^^^^^^^^^^^^^^^^^^^^^^^^^^^^^^^^^^^^^^^\n  File \"/Users/ulabualskaa/Documents/GitHub/Diplom_3/venv/lib/python3.12/site-packages/selenium/webdriver/support/wait.py\", line 105, in until\n    raise TimeoutException(message, screen, stacktrace)\n"}, "parameters": [{"name": "element", "value": "['name', 'name']"}], "start": 1727186590002, "stop": 1727186600272}], "start": 1727186589723, "stop": 1727186600274}], "parameters": [{"name": "driver", "value": "'chrome'"}], "start": 1727186589565, "stop": 1727186600275, "uuid": "e0215d0a-0050-4667-9867-cc4618b1dd8b", "historyId": "2a1ae6fbfd8ef034d1459b8d07608dcb", "testCaseId": "10d31542c82b37da4286ce0fa6a564cc", "fullName": "tests.test_account.TestAccount#test_sign_out", "labels": [{"name": "tag", "value": "@pytest.mark.usefixtures('driver')"}, {"name": "parentSuite", "value": "tests"}, {"name": "suite", "value": "test_account"}, {"name": "subSuite", "value": "TestAccount"}, {"name": "host", "value": "MacBook-Pro-Ula.local"}, {"name": "thread", "value": "20094-MainThread"}, {"name": "framework", "value": "pytest"}, {"name": "language", "value": "cpython3"}, {"name": "package", "value": "tests.test_account"}]}