{"name": "Тест ввода почты и нажатия на кнопку восстановить", "status": "broken", "statusDetails": {"message": "selenium.common.exceptions.TimeoutException: Message: \nStacktrace:\n0   chromedriver                        0x0000000104e75208 cxxbridge1$str$ptr + 1927396\n1   chromedriver                        0x0000000104e6d66c cxxbridge1$str$ptr + 1895752\n2   chromedriver                        0x0000000104a68808 cxxbridge1$string$len + 89564\n3   chromedriver                        0x0000000104aacbcc cxxbridge1$string$len + 369056\n4   chromedriver                        0x0000000104ae6228 cxxbridge1$string$len + 604156\n5   chromedriver                        0x0000000104aa1698 cxxbridge1$string$len + 322668\n6   chromedriver                        0x0000000104aa2310 cxxbridge1$string$len + 325860\n7   chromedriver                        0x0000000104e3be78 cxxbridge1$str$ptr + 1693012\n8   chromedriver                        0x0000000104e4077c cxxbridge1$str$ptr + 1711704\n9   chromedriver                        0x0000000104e213ec cxxbridge1$str$ptr + 1583816\n10  chromedriver                        0x0000000104e4104c cxxbridge1$str$ptr + 1713960\n11  chromedriver                        0x0000000104e11fc8 cxxbridge1$str$ptr + 1521316\n12  chromedriver                        0x0000000104e5eb68 cxxbridge1$str$ptr + 1835588\n13  chromedriver                        0x0000000104e5ece4 cxxbridge1$str$ptr + 1835968\n14  chromedriver                        0x0000000104e6d308 cxxbridge1$str$ptr + 1894884\n15  libsystem_pthread.dylib             0x000000018b8af2e4 _pthread_start + 136\n16  libsystem_pthread.dylib             0x000000018b8aa0fc thread_start + 8", "trace": "self = <tests.test_password_recovery.TestPasswordRecovery object at 0x104d78320>\n\n    @allure.title(\"Тест ввода почты и нажатия на кнопку восстановить\")\n    @pytest.mark.usefixtures(\"driver\")\n    def test_input_email_and_button_recovery(self):\n        self.driver.get(main_url)\n        client = PagePasswordRecovery(self.driver)\n>       client.check_input_email_password_recovery_page()\n\ntests/test_password_recovery.py:28: \n_ _ _ _ _ _ _ _ _ _ _ _ _ _ _ _ _ _ _ _ _ _ _ _ _ _ _ _ _ _ _ _ _ _ _ _ _ _ _ _ _ _ _ _ _ _ _ _ _ _ _ _ _ _ _ _ _ _ _ _ _ _ _ _ _ _ _ _ _ _ _ _ _ _ _ _ _ _ _ _ _ _ _ _ _ _ _ _ _ _ _\npages/page_password_recovery.py:32: in check_input_email_password_recovery_page\n    self.click_virt_mouse(self.button_recovery_password)\npages/base_page.py:50: in click_virt_mouse\n    WebDriverWait(self.driver, 5).until(EC.element_to_be_clickable(element))\n_ _ _ _ _ _ _ _ _ _ _ _ _ _ _ _ _ _ _ _ _ _ _ _ _ _ _ _ _ _ _ _ _ _ _ _ _ _ _ _ _ _ _ _ _ _ _ _ _ _ _ _ _ _ _ _ _ _ _ _ _ _ _ _ _ _ _ _ _ _ _ _ _ _ _ _ _ _ _ _ _ _ _ _ _ _ _ _ _ _ _\n\nself = <selenium.webdriver.support.wait.WebDriverWait (session=\"d96c96ec31143241823e5eacb23a01dd\")>, method = <function element_to_be_clickable.<locals>._predicate at 0x104d58cc0>\nmessage = ''\n\n    def until(self, method: Callable[[D], Union[Literal[False], T]], message: str = \"\") -> T:\n        \"\"\"Calls the method provided with the driver as an argument until the \\\n        return value does not evaluate to ``False``.\n    \n        :param method: callable(WebDriver)\n        :param message: optional message for :exc:`TimeoutException`\n        :returns: the result of the last call to `method`\n        :raises: :exc:`selenium.common.exceptions.TimeoutException` if timeout occurs\n        \"\"\"\n        screen = None\n        stacktrace = None\n    \n        end_time = time.monotonic() + self._timeout\n        while True:\n            try:\n                value = method(self._driver)\n                if value:\n                    return value\n            except self._ignored_exceptions as exc:\n                screen = getattr(exc, \"screen\", None)\n                stacktrace = getattr(exc, \"stacktrace\", None)\n            time.sleep(self._poll)\n            if time.monotonic() > end_time:\n                break\n>       raise TimeoutException(message, screen, stacktrace)\nE       selenium.common.exceptions.TimeoutException: Message: \nE       Stacktrace:\nE       0   chromedriver                        0x0000000104e75208 cxxbridge1$str$ptr + 1927396\nE       1   chromedriver                        0x0000000104e6d66c cxxbridge1$str$ptr + 1895752\nE       2   chromedriver                        0x0000000104a68808 cxxbridge1$string$len + 89564\nE       3   chromedriver                        0x0000000104aacbcc cxxbridge1$string$len + 369056\nE       4   chromedriver                        0x0000000104ae6228 cxxbridge1$string$len + 604156\nE       5   chromedriver                        0x0000000104aa1698 cxxbridge1$string$len + 322668\nE       6   chromedriver                        0x0000000104aa2310 cxxbridge1$string$len + 325860\nE       7   chromedriver                        0x0000000104e3be78 cxxbridge1$str$ptr + 1693012\nE       8   chromedriver                        0x0000000104e4077c cxxbridge1$str$ptr + 1711704\nE       9   chromedriver                        0x0000000104e213ec cxxbridge1$str$ptr + 1583816\nE       10  chromedriver                        0x0000000104e4104c cxxbridge1$str$ptr + 1713960\nE       11  chromedriver                        0x0000000104e11fc8 cxxbridge1$str$ptr + 1521316\nE       12  chromedriver                        0x0000000104e5eb68 cxxbridge1$str$ptr + 1835588\nE       13  chromedriver                        0x0000000104e5ece4 cxxbridge1$str$ptr + 1835968\nE       14  chromedriver                        0x0000000104e6d308 cxxbridge1$str$ptr + 1894884\nE       15  libsystem_pthread.dylib             0x000000018b8af2e4 _pthread_start + 136\nE       16  libsystem_pthread.dylib             0x000000018b8aa0fc thread_start + 8\n\nvenv/lib/python3.12/site-packages/selenium/webdriver/support/wait.py:105: TimeoutException"}, "steps": [{"name": "Проверка ввода почты на странице восстановлени пароля", "status": "broken", "statusDetails": {"message": "selenium.common.exceptions.TimeoutException: Message: \nStacktrace:\n0   chromedriver                        0x0000000104e75208 cxxbridge1$str$ptr + 1927396\n1   chromedriver                        0x0000000104e6d66c cxxbridge1$str$ptr + 1895752\n2   chromedriver                        0x0000000104a68808 cxxbridge1$string$len + 89564\n3   chromedriver                        0x0000000104aacbcc cxxbridge1$string$len + 369056\n4   chromedriver                        0x0000000104ae6228 cxxbridge1$string$len + 604156\n5   chromedriver                        0x0000000104aa1698 cxxbridge1$string$len + 322668\n6   chromedriver                        0x0000000104aa2310 cxxbridge1$string$len + 325860\n7   chromedriver                        0x0000000104e3be78 cxxbridge1$str$ptr + 1693012\n8   chromedriver                        0x0000000104e4077c cxxbridge1$str$ptr + 1711704\n9   chromedriver                        0x0000000104e213ec cxxbridge1$str$ptr + 1583816\n10  chromedriver                        0x0000000104e4104c cxxbridge1$str$ptr + 1713960\n11  chromedriver                        0x0000000104e11fc8 cxxbridge1$str$ptr + 1521316\n12  chromedriver                        0x0000000104e5eb68 cxxbridge1$str$ptr + 1835588\n13  chromedriver                        0x0000000104e5ece4 cxxbridge1$str$ptr + 1835968\n14  chromedriver                        0x0000000104e6d308 cxxbridge1$str$ptr + 1894884\n15  libsystem_pthread.dylib             0x000000018b8af2e4 _pthread_start + 136\n16  libsystem_pthread.dylib             0x000000018b8aa0fc thread_start + 8\n\n", "trace": "  File \"/Users/ulabualskaa/Documents/GitHub/Diplom_3/venv/lib/python3.12/site-packages/allure_commons/_allure.py\", line 192, in impl\n    return func(*a, **kw)\n           ^^^^^^^^^^^^^^\n  File \"/Users/ulabualskaa/Documents/GitHub/Diplom_3/pages/page_password_recovery.py\", line 32, in check_input_email_password_recovery_page\n    self.click_virt_mouse(self.button_recovery_password)\n  File \"/Users/ulabualskaa/Documents/GitHub/Diplom_3/venv/lib/python3.12/site-packages/allure_commons/_allure.py\", line 192, in impl\n    return func(*a, **kw)\n           ^^^^^^^^^^^^^^\n  File \"/Users/ulabualskaa/Documents/GitHub/Diplom_3/pages/base_page.py\", line 50, in click_virt_mouse\n    WebDriverWait(self.driver, 5).until(EC.element_to_be_clickable(element))\n  File \"/Users/ulabualskaa/Documents/GitHub/Diplom_3/venv/lib/python3.12/site-packages/selenium/webdriver/support/wait.py\", line 105, in until\n    raise TimeoutException(message, screen, stacktrace)\n"}, "steps": [{"name": "Принудительный клик ['css selector', '.button_button__33qZ0']", "status": "passed", "parameters": [{"name": "element", "value": "['css selector', '.button_button__33qZ0']"}], "start": 1727077021851, "stop": 1727077027141}, {"name": "Принудительный клик ['xpath', '/html/body/div/div/main/div/div/p[2]/a']", "status": "broken", "statusDetails": {"message": "selenium.common.exceptions.TimeoutException: Message: \nStacktrace:\n0   chromedriver                        0x0000000104e75208 cxxbridge1$str$ptr + 1927396\n1   chromedriver                        0x0000000104e6d66c cxxbridge1$str$ptr + 1895752\n2   chromedriver                        0x0000000104a68808 cxxbridge1$string$len + 89564\n3   chromedriver                        0x0000000104aacbcc cxxbridge1$string$len + 369056\n4   chromedriver                        0x0000000104ae6228 cxxbridge1$string$len + 604156\n5   chromedriver                        0x0000000104aa1698 cxxbridge1$string$len + 322668\n6   chromedriver                        0x0000000104aa2310 cxxbridge1$string$len + 325860\n7   chromedriver                        0x0000000104e3be78 cxxbridge1$str$ptr + 1693012\n8   chromedriver                        0x0000000104e4077c cxxbridge1$str$ptr + 1711704\n9   chromedriver                        0x0000000104e213ec cxxbridge1$str$ptr + 1583816\n10  chromedriver                        0x0000000104e4104c cxxbridge1$str$ptr + 1713960\n11  chromedriver                        0x0000000104e11fc8 cxxbridge1$str$ptr + 1521316\n12  chromedriver                        0x0000000104e5eb68 cxxbridge1$str$ptr + 1835588\n13  chromedriver                        0x0000000104e5ece4 cxxbridge1$str$ptr + 1835968\n14  chromedriver                        0x0000000104e6d308 cxxbridge1$str$ptr + 1894884\n15  libsystem_pthread.dylib             0x000000018b8af2e4 _pthread_start + 136\n16  libsystem_pthread.dylib             0x000000018b8aa0fc thread_start + 8\n\n", "trace": "  File \"/Users/ulabualskaa/Documents/GitHub/Diplom_3/venv/lib/python3.12/site-packages/allure_commons/_allure.py\", line 192, in impl\n    return func(*a, **kw)\n           ^^^^^^^^^^^^^^\n  File \"/Users/ulabualskaa/Documents/GitHub/Diplom_3/pages/base_page.py\", line 50, in click_virt_mouse\n    WebDriverWait(self.driver, 5).until(EC.element_to_be_clickable(element))\n  File \"/Users/ulabualskaa/Documents/GitHub/Diplom_3/venv/lib/python3.12/site-packages/selenium/webdriver/support/wait.py\", line 105, in until\n    raise TimeoutException(message, screen, stacktrace)\n"}, "parameters": [{"name": "element", "value": "['xpath', '/html/body/div/div/main/div/div/p[2]/a']"}], "start": 1727077027141, "stop": 1727077032316}], "start": 1727077021851, "stop": 1727077032317}], "parameters": [{"name": "driver", "value": "'chrome'"}], "start": 1727077021718, "stop": 1727077032322, "uuid": "2e6e47b5-ed89-447d-adfd-7963b66f27f9", "historyId": "dfeaf33453c864aaabfdf6cc8d155bac", "testCaseId": "549b36f9bb973712de0dd8de7f96165d", "fullName": "tests.test_password_recovery.TestPasswordRecovery#test_input_email_and_button_recovery", "labels": [{"name": "tag", "value": "@pytest.mark.usefixtures('driver')"}, {"name": "parentSuite", "value": "tests"}, {"name": "suite", "value": "test_password_recovery"}, {"name": "subSuite", "value": "TestPasswordRecovery"}, {"name": "host", "value": "MacBook-Pro-Ula.local"}, {"name": "thread", "value": "13634-MainThread"}, {"name": "framework", "value": "pytest"}, {"name": "language", "value": "cpython3"}, {"name": "package", "value": "tests.test_password_recovery"}]}